<?xml version="1.0" encoding="UTF-8"?>
<testsuites name="Casos de Teste Venda" time="144" tests="1" failures="2" errors="0">
   <testsuite name="Casos de Teste Venda" tests="1" failures="2" errors="0" time="144" timestamp="2019-01-16 18:55:06" hostname="Wander - DESKTOP-F94FUJP" id="Test Suites/Casos de Teste Venda">
      <properties>
         <property name="deviceName" value=""/>
         <property name="devicePlatform" value=""/>
         <property name="logFolder" value="C:\\Users\\Wander\\Katalon Studio\\Projeto Gemobile\\Reports\\Casos de Teste Venda\\20190116_185457"/>
         <property name="logFiles" value="C:\\Users\\Wander\\Katalon Studio\\Projeto Gemobile\\Reports\\Casos de Teste Venda\\20190116_185457\\execution0.log"/>
         <property name="attachments" value="C:\\Users\\Wander\\Katalon Studio\\Projeto Gemobile\\Reports\\Casos de Teste Venda\\20190116_185457\\1547672227381.png, C:\\Users\\Wander\\Katalon Studio\\Projeto Gemobile\\Reports\\Casos de Teste Venda\\20190116_185457\\1547672249595.png"/>
         <property name="hostName" value="Wander - DESKTOP-F94FUJP"/>
         <property name="os" value="Windows 10 64bit"/>
         <property name="katalonVersion" value="5.10.1.1"/>
         <property name="browser" value="Chrome 71.0.3578.98"/>
         <property name="hostAddress" value="10.0.75.1"/>
         <property name="sessionId" value="eb6702b028d34e3f39bcf25fc78a7190"/>
         <property name="seleniumVersion" value="3.7.1"/>
         <property name="proxyInformation" value="ProxyInformation{proxyOption=NO_PROXY, proxyServerType=HTTP, password=, proxyServerAddress=, proxyServerPort=0}"/>
         <property name="platform" value="Windows 10"/>
      </properties>
      <testcase name="Test Cases/Teste Venda/Teste_Cad_Venda_Menu" classname="Test Cases/Teste Venda/Teste_Cad_Venda_Menu" status="PASSED">
         <system-out><![CDATA[2019-01-16 18:55:06 - [TEST_CASE][PASSED] - Test Cases/Teste Venda/Teste_Cad_Venda_Menu: Test Cases/Teste Venda/Teste_Cad_Venda_Menu

2019-01-16 18:55:07 - [TEST_STEP][PASSED] - callTestCase(findTestCase("Teste Tela de Login/Teste Login Valido"), [:], STOP_ON_FAILURE): Call Test Case 'Test Cases/Teste Tela de Login/Teste Login Valido' successfully

2019-01-16 18:55:08 - [TEST_CASE][PASSED] - Test Cases/Teste Tela de Login/Teste Login Valido: Test Cases/Teste Tela de Login/Teste Login Valido

2019-01-16 18:55:08 - [TEST_STEP][PASSED] - openBrowser(""): Browser is opened with url: ''

2019-01-16 18:55:08 - [MESSAGE][INFO] - Starting 'Chrome' driver

2019-01-16 18:55:08 - [MESSAGE][INFO] - Action delay is set to 0 seconds

2019-01-16 18:55:12 - [MESSAGE][PASSED] - Browser is opened with url: ''

2019-01-16 18:55:12 - [TEST_STEP][PASSED] - navigateToUrl("https://gemobile-beta.before.com.br/app/"): Navigate to 'https://gemobile-beta.before.com.br/app/' successfully

2019-01-16 18:55:15 - [MESSAGE][PASSED] - Navigate to 'https://gemobile-beta.before.com.br/app/' successfully

2019-01-16 18:55:15 - [TEST_STEP][PASSED] - maximizeWindow(): Current window maximized

2019-01-16 18:55:16 - [MESSAGE][PASSED] - Current window maximized

2019-01-16 18:55:16 - [TEST_STEP][PASSED] - waitForElementPresent(findTestObject("Page_Gemobile_TelaLogin/FormLoginSenha"), 30): Object 'Object Repository/Page_Gemobile_TelaLogin/FormLoginSenha' is present

2019-01-16 18:55:17 - [MESSAGE][PASSED] - Object 'Object Repository/Page_Gemobile_TelaLogin/FormLoginSenha' is present

2019-01-16 18:55:17 - [TEST_STEP][PASSED] - setText(findTestObject("Page_Gemobile_TelaLogin/SetCampoLogin"), "proprietário.open"): Text 'proprietário.open' is set on object 'Object Repository/Page_Gemobile_TelaLogin/SetCampoLogin'

2019-01-16 18:55:17 - [MESSAGE][PASSED] - Text 'proprietário.open' is set on object 'Object Repository/Page_Gemobile_TelaLogin/SetCampoLogin'

2019-01-16 18:55:17 - [TEST_STEP][PASSED] - setText(findTestObject("Page_Gemobile_TelaLogin/SetCampoSenha"), "venus2018"): Text 'venus2018' is set on object 'Object Repository/Page_Gemobile_TelaLogin/SetCampoSenha'

2019-01-16 18:55:17 - [MESSAGE][PASSED] - Text 'venus2018' is set on object 'Object Repository/Page_Gemobile_TelaLogin/SetCampoSenha'

2019-01-16 18:55:17 - [TEST_STEP][PASSED] - click(findTestObject("Page_Gemobile_TelaLogin/Bt_Entrar")): Object: 'Object Repository/Page_Gemobile_TelaLogin/Bt_Entrar' is clicked on

2019-01-16 18:55:17 - [MESSAGE][PASSED] - Object: 'Object Repository/Page_Gemobile_TelaLogin/Bt_Entrar' is clicked on

2019-01-16 18:55:17 - [TEST_STEP][PASSED] - waitForElementPresent(findTestObject("Page_Gemobile_TelaLogin/imgLogoTelaInicial"), 5): Object 'Object Repository/Page_Gemobile_TelaLogin/imgLogoTelaInicial' is present

2019-01-16 18:55:24 - [MESSAGE][PASSED] - Object 'Object Repository/Page_Gemobile_TelaLogin/imgLogoTelaInicial' is present

2019-01-16 18:55:24 - [MESSAGE][PASSED] - Call Test Case 'Test Cases/Teste Tela de Login/Teste Login Valido' successfully

2019-01-16 18:55:24 - [TEST_STEP][PASSED] - click(findTestObject("Page_Gemobile_Venda/Page Cancelar Venda/MenuVenda")): Object: 'Object Repository/Page_Gemobile_Venda/Page Cancelar Venda/MenuVenda' is clicked on

2019-01-16 18:55:24 - [MESSAGE][PASSED] - Object: 'Object Repository/Page_Gemobile_Venda/Page Cancelar Venda/MenuVenda' is clicked on

2019-01-16 18:55:24 - [TEST_STEP][PASSED] - click(findTestObject("Page_Gemobile_Venda/Page VendaMenu_VendaBotao/SubMenuVenda")): Object: 'Object Repository/Page_Gemobile_Venda/Page VendaMenu_VendaBotao/SubMenuVenda' is clicked on

2019-01-16 18:55:24 - [MESSAGE][PASSED] - Object: 'Object Repository/Page_Gemobile_Venda/Page VendaMenu_VendaBotao/SubMenuVenda' is clicked on

2019-01-16 18:55:24 - [TEST_STEP][PASSED] - click(findTestObject("Page_Gemobile_Venda/Page Cancelar Venda/Op_Venda")): Object: 'Object Repository/Page_Gemobile_Venda/Page Cancelar Venda/Op_Venda' is clicked on

2019-01-16 18:55:25 - [MESSAGE][PASSED] - Object: 'Object Repository/Page_Gemobile_Venda/Page Cancelar Venda/Op_Venda' is clicked on

2019-01-16 18:55:25 - [TEST_STEP][PASSED] - click(findTestObject("Page_Gemobile_Venda/Page VendaMenu_VendaBotao/InserirNovaVenda")): Object: 'Object Repository/Page_Gemobile_Venda/Page VendaMenu_VendaBotao/InserirNovaVenda' is clicked on

2019-01-16 18:55:25 - [MESSAGE][PASSED] - Object: 'Object Repository/Page_Gemobile_Venda/Page VendaMenu_VendaBotao/InserirNovaVenda' is clicked on

2019-01-16 18:55:25 - [TEST_STEP][PASSED] - waitForElementVisible(findTestObject("Page_Gemobile_Venda/Page VendaMenu_VendaBotao/FormCadastro"), 0): Object 'Object Repository/Page_Gemobile_Venda/Page VendaMenu_VendaBotao/FormCadastro' is visible

2019-01-16 18:55:25 - [MESSAGE][WARNING] - Timeout '0' is invalid. Using default page load timeout: '30'

2019-01-16 18:55:25 - [MESSAGE][PASSED] - Object 'Object Repository/Page_Gemobile_Venda/Page VendaMenu_VendaBotao/FormCadastro' is visible

2019-01-16 18:55:25 - [TEST_STEP][PASSED] - selectOptionByValue(findTestObject("Page_Gemobile_Venda/Page VendaMenu_VendaBotao/Select_EscolhaFilial"), "39", false): All options with value '39' are selected in object 'Object Repository/Page_Gemobile_Venda/Page VendaMenu_VendaBotao/Select_EscolhaFilial' 

2019-01-16 18:55:26 - [MESSAGE][PASSED] - All options with value '39' are selected in object 'Object Repository/Page_Gemobile_Venda/Page VendaMenu_VendaBotao/Select_EscolhaFilial' 

2019-01-16 18:55:26 - [TEST_STEP][PASSED] - delay(1): Delayed 1 second(s)

2019-01-16 18:55:27 - [MESSAGE][PASSED] - Delayed 1 second(s)

2019-01-16 18:55:27 - [TEST_STEP][PASSED] - selectOptionByValue(findTestObject("Page_Gemobile_Venda/Page VendaMenu_VendaBotao/Select_Escolha...Caixa"), "1", false): All options with value '1' are selected in object 'Object Repository/Page_Gemobile_Venda/Page VendaMenu_VendaBotao/Select_Escolha...Caixa' 

2019-01-16 18:55:27 - [MESSAGE][PASSED] - All options with value '1' are selected in object 'Object Repository/Page_Gemobile_Venda/Page VendaMenu_VendaBotao/Select_Escolha...Caixa' 

2019-01-16 18:55:27 - [TEST_STEP][PASSED] - click(findTestObject("Page_Gemobile_Venda/Page VendaMenu_VendaBotao/Bt_AvancaCad")): Object: 'Object Repository/Page_Gemobile_Venda/Page VendaMenu_VendaBotao/Bt_AvancaCad' is clicked on

2019-01-16 18:55:27 - [MESSAGE][PASSED] - Object: 'Object Repository/Page_Gemobile_Venda/Page VendaMenu_VendaBotao/Bt_AvancaCad' is clicked on

2019-01-16 18:55:27 - [TEST_STEP][PASSED] - waitForElementPresent(findTestObject("Page_Gemobile_Venda/Page VendaMenu_VendaBotao/SelecionarOpDeCliente"), 0): Object 'Object Repository/Page_Gemobile_Venda/Page VendaMenu_VendaBotao/SelecionarOpDeCliente' is present

2019-01-16 18:55:27 - [MESSAGE][WARNING] - Timeout '0' is invalid. Using default page load timeout: '30'

2019-01-16 18:55:27 - [MESSAGE][PASSED] - Object 'Object Repository/Page_Gemobile_Venda/Page VendaMenu_VendaBotao/SelecionarOpDeCliente' is present

2019-01-16 18:55:27 - [TEST_STEP][PASSED] - click(findTestObject("Page_Gemobile_Venda/Page VendaMenu_VendaBotao/SelecionaCelular")): Object: 'Object Repository/Page_Gemobile_Venda/Page VendaMenu_VendaBotao/SelecionaCelular' is clicked on

2019-01-16 18:55:27 - [MESSAGE][PASSED] - Object: 'Object Repository/Page_Gemobile_Venda/Page VendaMenu_VendaBotao/SelecionaCelular' is clicked on

2019-01-16 18:55:27 - [TEST_STEP][PASSED] - setText(findTestObject("Page_Gemobile_Venda/Page VendaMenu_VendaBotao/SetCampoCelular"), "0000"): Text '0000' is set on object 'Object Repository/Page_Gemobile_Venda/Page VendaMenu_VendaBotao/SetCampoCelular'

2019-01-16 18:55:28 - [MESSAGE][PASSED] - Text '0000' is set on object 'Object Repository/Page_Gemobile_Venda/Page VendaMenu_VendaBotao/SetCampoCelular'

2019-01-16 18:55:28 - [TEST_STEP][PASSED] - delay(2, STOP_ON_FAILURE): Delayed 2 second(s)

2019-01-16 18:55:30 - [MESSAGE][PASSED] - Delayed 2 second(s)

2019-01-16 18:55:30 - [TEST_STEP][PASSED] - click(findTestObject("Page_Gemobile_Venda/Page VendaMenu_VendaBotao/li_00 00000-0000 - Teste Katal")): Object: 'Object Repository/Page_Gemobile_Venda/Page VendaMenu_VendaBotao/li_00 00000-0000 - Teste Katal' is clicked on

2019-01-16 18:55:30 - [MESSAGE][PASSED] - Object: 'Object Repository/Page_Gemobile_Venda/Page VendaMenu_VendaBotao/li_00 00000-0000 - Teste Katal' is clicked on

2019-01-16 18:55:30 - [TEST_STEP][PASSED] - click(findTestObject("Page_Gemobile_Venda/Page VendaMenu_VendaBotao/FormClienteClick")): Object: 'Object Repository/Page_Gemobile_Venda/Page VendaMenu_VendaBotao/FormClienteClick' is clicked on

2019-01-16 18:55:30 - [MESSAGE][PASSED] - Object: 'Object Repository/Page_Gemobile_Venda/Page VendaMenu_VendaBotao/FormClienteClick' is clicked on

2019-01-16 18:55:30 - [TEST_STEP][PASSED] - delay(1): Delayed 1 second(s)

2019-01-16 18:55:31 - [MESSAGE][PASSED] - Delayed 1 second(s)

2019-01-16 18:55:31 - [TEST_STEP][PASSED] - click(findTestObject("Page_Gemobile_Venda/Page VendaMenu_VendaBotao/Bt_AvancaCad")): Object: 'Object Repository/Page_Gemobile_Venda/Page VendaMenu_VendaBotao/Bt_AvancaCad' is clicked on

2019-01-16 18:55:31 - [MESSAGE][PASSED] - Object: 'Object Repository/Page_Gemobile_Venda/Page VendaMenu_VendaBotao/Bt_AvancaCad' is clicked on

2019-01-16 18:55:31 - [TEST_STEP][PASSED] - delay(1): Delayed 1 second(s)

2019-01-16 18:55:32 - [MESSAGE][PASSED] - Delayed 1 second(s)

2019-01-16 18:55:32 - [TEST_STEP][PASSED] - click(findTestObject("Page_Gemobile_Venda/Page VendaMenu_VendaBotao/OpProduto")): Object: 'Object Repository/Page_Gemobile_Venda/Page VendaMenu_VendaBotao/OpProduto' is clicked on

2019-01-16 18:55:32 - [MESSAGE][PASSED] - Object: 'Object Repository/Page_Gemobile_Venda/Page VendaMenu_VendaBotao/OpProduto' is clicked on

2019-01-16 18:55:32 - [TEST_STEP][PASSED] - click(findTestObject("Page_Gemobile_Venda/Page VendaMenu_VendaBotao/OpProdPorModelo")): Object: 'Object Repository/Page_Gemobile_Venda/Page VendaMenu_VendaBotao/OpProdPorModelo' is clicked on

2019-01-16 18:55:33 - [MESSAGE][PASSED] - Object: 'Object Repository/Page_Gemobile_Venda/Page VendaMenu_VendaBotao/OpProdPorModelo' is clicked on

2019-01-16 18:55:33 - [TEST_STEP][PASSED] - setText(findTestObject("Page_Gemobile_Venda/Page VendaMenu_VendaBotao/SetCampoModelo"), "XT171"): Text 'XT171' is set on object 'Object Repository/Page_Gemobile_Venda/Page VendaMenu_VendaBotao/SetCampoModelo'

2019-01-16 18:55:33 - [MESSAGE][PASSED] - Text 'XT171' is set on object 'Object Repository/Page_Gemobile_Venda/Page VendaMenu_VendaBotao/SetCampoModelo'

2019-01-16 18:55:33 - [TEST_STEP][PASSED] - delay(2, STOP_ON_FAILURE): Delayed 2 second(s)

2019-01-16 18:55:35 - [MESSAGE][PASSED] - Delayed 2 second(s)

2019-01-16 18:55:35 - [TEST_STEP][PASSED] - click(findTestObject("Page_Gemobile_Venda/Page VendaMenu_VendaBotao/li_Teste XT1710 Branco MOTOROL1")): Object: 'Object Repository/Page_Gemobile_Venda/Page VendaMenu_VendaBotao/li_Teste XT1710 Branco MOTOROL1' is clicked on

2019-01-16 18:55:35 - [MESSAGE][PASSED] - Object: 'Object Repository/Page_Gemobile_Venda/Page VendaMenu_VendaBotao/li_Teste XT1710 Branco MOTOROL1' is clicked on

2019-01-16 18:55:35 - [TEST_STEP][PASSED] - click(findTestObject("Page_Gemobile_Venda/Page VendaMenu_VendaBotao/Bt_Buscar")): Object: 'Object Repository/Page_Gemobile_Venda/Page VendaMenu_VendaBotao/Bt_Buscar' is clicked on

2019-01-16 18:55:36 - [MESSAGE][PASSED] - Object: 'Object Repository/Page_Gemobile_Venda/Page VendaMenu_VendaBotao/Bt_Buscar' is clicked on

2019-01-16 18:55:36 - [TEST_STEP][PASSED] - waitForElementPresent(findTestObject("Page_Gemobile_Venda/Page VendaMenu_VendaBotao/imgConfirmar"), 0): Object 'Object Repository/Page_Gemobile_Venda/Page VendaMenu_VendaBotao/imgConfirmar' is present

2019-01-16 18:55:36 - [MESSAGE][WARNING] - Timeout '0' is invalid. Using default page load timeout: '30'

2019-01-16 18:55:37 - [MESSAGE][PASSED] - Object 'Object Repository/Page_Gemobile_Venda/Page VendaMenu_VendaBotao/imgConfirmar' is present

2019-01-16 18:55:37 - [TEST_STEP][PASSED] - click(findTestObject("Page_Gemobile_Venda/Page VendaMenu_VendaBotao/imgConfirmar")): Object: 'Object Repository/Page_Gemobile_Venda/Page VendaMenu_VendaBotao/imgConfirmar' is clicked on

2019-01-16 18:55:37 - [MESSAGE][PASSED] - Object: 'Object Repository/Page_Gemobile_Venda/Page VendaMenu_VendaBotao/imgConfirmar' is clicked on

2019-01-16 18:55:37 - [TEST_STEP][PASSED] - acceptAlert(): Alert accepted

2019-01-16 18:55:37 - [MESSAGE][PASSED] - Alert accepted

2019-01-16 18:55:37 - [TEST_STEP][PASSED] - delay(2): Delayed 2 second(s)

2019-01-16 18:55:39 - [MESSAGE][PASSED] - Delayed 2 second(s)

2019-01-16 18:55:39 - [TEST_STEP][PASSED] - click(findTestObject("Page_Gemobile_Venda/Page VendaMenu_VendaBotao/Bt_SalvaProduto")): Object: 'Object Repository/Page_Gemobile_Venda/Page VendaMenu_VendaBotao/Bt_SalvaProduto' is clicked on

2019-01-16 18:55:40 - [MESSAGE][PASSED] - Object: 'Object Repository/Page_Gemobile_Venda/Page VendaMenu_VendaBotao/Bt_SalvaProduto' is clicked on

2019-01-16 18:55:40 - [TEST_STEP][PASSED] - delay(1): Delayed 1 second(s)

2019-01-16 18:55:41 - [MESSAGE][PASSED] - Delayed 1 second(s)

2019-01-16 18:55:41 - [TEST_STEP][PASSED] - click(findTestObject("Page_Gemobile_Venda/Page VendaMenu_VendaBotao/Bt_AvancaCad")): Object: 'Object Repository/Page_Gemobile_Venda/Page VendaMenu_VendaBotao/Bt_AvancaCad' is clicked on

2019-01-16 18:55:41 - [MESSAGE][PASSED] - Object: 'Object Repository/Page_Gemobile_Venda/Page VendaMenu_VendaBotao/Bt_AvancaCad' is clicked on

2019-01-16 18:55:41 - [TEST_STEP][PASSED] - waitForElementPresent(findTestObject("Page_Gemobile_Venda/Page VendaMenu_VendaBotao/ModalPagamento"), 0): Object 'Object Repository/Page_Gemobile_Venda/Page VendaMenu_VendaBotao/ModalPagamento' is present

2019-01-16 18:55:41 - [MESSAGE][WARNING] - Timeout '0' is invalid. Using default page load timeout: '30'

2019-01-16 18:55:41 - [MESSAGE][PASSED] - Object 'Object Repository/Page_Gemobile_Venda/Page VendaMenu_VendaBotao/ModalPagamento' is present

2019-01-16 18:55:41 - [TEST_STEP][PASSED] - click(findTestObject("Page_Gemobile_Venda/Page VendaMenu_VendaBotao/OpPag_Dinheiro")): Object: 'Object Repository/Page_Gemobile_Venda/Page VendaMenu_VendaBotao/OpPag_Dinheiro' is clicked on

2019-01-16 18:55:41 - [MESSAGE][PASSED] - Object: 'Object Repository/Page_Gemobile_Venda/Page VendaMenu_VendaBotao/OpPag_Dinheiro' is clicked on

2019-01-16 18:55:41 - [TEST_STEP][PASSED] - click(findTestObject("Page_Gemobile_Venda/Page VendaMenu_VendaBotao/Bt_AddPag")): Object: 'Object Repository/Page_Gemobile_Venda/Page VendaMenu_VendaBotao/Bt_AddPag' is clicked on

2019-01-16 18:55:41 - [MESSAGE][PASSED] - Object: 'Object Repository/Page_Gemobile_Venda/Page VendaMenu_VendaBotao/Bt_AddPag' is clicked on

2019-01-16 18:55:41 - [TEST_STEP][PASSED] - click(findTestObject("Page_Gemobile_Venda/Page VendaMenu_VendaBotao/Bt_SalvarPag")): Object: 'Object Repository/Page_Gemobile_Venda/Page VendaMenu_VendaBotao/Bt_SalvarPag' is clicked on

2019-01-16 18:55:41 - [MESSAGE][PASSED] - Object: 'Object Repository/Page_Gemobile_Venda/Page VendaMenu_VendaBotao/Bt_SalvarPag' is clicked on

2019-01-16 18:55:41 - [TEST_STEP][PASSED] - waitForAlert(1): No alert found after 1 second(s).

2019-01-16 18:55:42 - [MESSAGE][WARNING] - No alert found after 1 second(s).

2019-01-16 18:55:42 - [TEST_STEP][PASSED] - click(findTestObject("Page_Gemobile_Venda/Page VendaMenu_VendaBotao/Fechar_Alert"), STOP_ON_FAILURE): Object: 'Object Repository/Page_Gemobile_Venda/Page VendaMenu_VendaBotao/Fechar_Alert' is clicked on

2019-01-16 18:55:43 - [MESSAGE][PASSED] - Object: 'Object Repository/Page_Gemobile_Venda/Page VendaMenu_VendaBotao/Fechar_Alert' is clicked on

2019-01-16 18:55:43 - [TEST_STEP][PASSED] - setText(findTestObject("Page_Gemobile_TelaLogin/SetCampoLogin"), "proprietário.open"): Text 'proprietário.open' is set on object 'Object Repository/Page_Gemobile_TelaLogin/SetCampoLogin'

2019-01-16 18:55:43 - [MESSAGE][PASSED] - Text 'proprietário.open' is set on object 'Object Repository/Page_Gemobile_TelaLogin/SetCampoLogin'

2019-01-16 18:55:43 - [TEST_STEP][PASSED] - setText(findTestObject("Page_Gemobile_TelaLogin/SetCampoSenha"), "venus2018"): Text 'venus2018' is set on object 'Object Repository/Page_Gemobile_TelaLogin/SetCampoSenha'

2019-01-16 18:55:44 - [MESSAGE][PASSED] - Text 'venus2018' is set on object 'Object Repository/Page_Gemobile_TelaLogin/SetCampoSenha'

2019-01-16 18:55:44 - [TEST_STEP][PASSED] - click(findTestObject("Page_Gemobile_Venda/Page VendaMenu_VendaBotao/Bt_SalvarAuten")): Object: 'Object Repository/Page_Gemobile_Venda/Page VendaMenu_VendaBotao/Bt_SalvarAuten' is clicked on

2019-01-16 18:55:44 - [MESSAGE][PASSED] - Object: 'Object Repository/Page_Gemobile_Venda/Page VendaMenu_VendaBotao/Bt_SalvarAuten' is clicked on

2019-01-16 18:55:44 - [TEST_STEP][PASSED] - click(findTestObject("Page_Gemobile_Venda/Page VendaMenu_VendaBotao/Bt_SalvarPag")): Object: 'Object Repository/Page_Gemobile_Venda/Page VendaMenu_VendaBotao/Bt_SalvarPag' is clicked on

2019-01-16 18:55:44 - [MESSAGE][PASSED] - Object: 'Object Repository/Page_Gemobile_Venda/Page VendaMenu_VendaBotao/Bt_SalvarPag' is clicked on

2019-01-16 18:55:44 - [TEST_STEP][PASSED] - verifyElementPresent(findTestObject("Page_Gemobile_Venda/Page VendaMenu_VendaBotao/Alert_VendaInseridaComSucesso"), 0): Object 'Object Repository/Page_Gemobile_Venda/Page VendaMenu_VendaBotao/Alert_VendaInseridaComSucesso' is present

2019-01-16 18:55:44 - [MESSAGE][WARNING] - Timeout '0' is invalid. Using default page load timeout: '30'

2019-01-16 18:55:44 - [MESSAGE][PASSED] - Object 'Object Repository/Page_Gemobile_Venda/Page VendaMenu_VendaBotao/Alert_VendaInseridaComSucesso' is present

2019-01-16 18:55:44 - [TEST_STEP][PASSED] - click(findTestObject("Page_Gemobile_Venda/Page Cancelar Venda/OpAcoes")): Object: 'Object Repository/Page_Gemobile_Venda/Page Cancelar Venda/OpAcoes' is clicked on

2019-01-16 18:55:45 - [MESSAGE][PASSED] - Object: 'Object Repository/Page_Gemobile_Venda/Page Cancelar Venda/OpAcoes' is clicked on

2019-01-16 18:55:45 - [TEST_STEP][PASSED] - delay(3): Delayed 3 second(s)

2019-01-16 18:55:48 - [MESSAGE][PASSED] - Delayed 3 second(s)

2019-01-16 18:55:48 - [TEST_STEP][PASSED] - click(findTestObject("Page_Gemobile_Venda/Page Cancelar Venda/OpCancelar")): Object: 'Object Repository/Page_Gemobile_Venda/Page Cancelar Venda/OpCancelar' is clicked on

2019-01-16 18:55:48 - [MESSAGE][PASSED] - Object: 'Object Repository/Page_Gemobile_Venda/Page Cancelar Venda/OpCancelar' is clicked on

2019-01-16 18:55:48 - [TEST_STEP][PASSED] - waitForElementPresent(findTestObject("Page_Gemobile_Venda/Page Cancelar Venda/DivCancelarVenda"), 3): Object 'Object Repository/Page_Gemobile_Venda/Page Cancelar Venda/DivCancelarVenda' is not present after 3 second(s)

2019-01-16 18:55:51 - [MESSAGE][INFO] - Unable to find the element located by 'By.xpath: /html[1]/body[1]/div[14]/div[3]/div[1]/form[1]/table[1]/tbody[1]/tr[1]/td[2]/div[1]/textarea[1]'. Please recheck the objects properties to make sure the desired element is located. 

2019-01-16 18:55:51 - [MESSAGE][WARNING] - Object 'Object Repository/Page_Gemobile_Venda/Page Cancelar Venda/DivCancelarVenda' is not present after 3 second(s)

2019-01-16 18:55:51 - [TEST_STEP][PASSED] - setText(findTestObject("Page_Gemobile_Venda/Page Cancelar Venda/SetCampoMotivoCancelamento"), "Teste cancelar uma venda"): Text 'Teste cancelar uma venda' is set on object 'Object Repository/Page_Gemobile_Venda/Page Cancelar Venda/SetCampoMotivoCancelamento'

2019-01-16 18:55:52 - [MESSAGE][PASSED] - Text 'Teste cancelar uma venda' is set on object 'Object Repository/Page_Gemobile_Venda/Page Cancelar Venda/SetCampoMotivoCancelamento'

2019-01-16 18:55:52 - [TEST_STEP][PASSED] - click(findTestObject("Page_Gemobile_Venda/Page VendaMenu_VendaBotao/Bt_Motivo de Cancelamento")): Object: 'Object Repository/Page_Gemobile_Venda/Page VendaMenu_VendaBotao/Bt_Motivo de Cancelamento' is clicked on

2019-01-16 18:55:52 - [MESSAGE][PASSED] - Object: 'Object Repository/Page_Gemobile_Venda/Page VendaMenu_VendaBotao/Bt_Motivo de Cancelamento' is clicked on]]></system-out>
         <system-err><![CDATA[]]></system-err>
      </testcase>
      <testcase name="Test Cases/Teste Venda/Teste_Cancelar_Venda" classname="Test Cases/Teste Venda/Teste_Cancelar_Venda" status="FAILED">
         <failure type="FAILED" message="Test Cases/Teste Venda/Teste_Cancelar_Venda FAILED.
Reason:
com.kms.katalon.core.exception.StepFailedException: Unable to click on object 'Object Repository/Page_Gemobile_Venda/Page Cancelar Venda/OpCancelar' (Root cause: com.kms.katalon.core.webui.exception.WebElementNotFoundException: Web element with id: 'Object Repository/Page_Gemobile_Venda/Page Cancelar Venda/OpCancelar' located by 'By.xpath: /html[1]/body[1]/div[2]/div[1]/section[2]/div[1]/div[1]/form[1]/table[1]/tbody[1]/tr[1]/td[9]/div[1]/ul[1]/li[3]/a[1]' not found)
	at com.kms.katalon.core.keyword.internal.KeywordMain.stepFailed(KeywordMain.groovy:36)
	at com.kms.katalon.core.webui.keyword.internal.WebUIKeywordMain.stepFailed(WebUIKeywordMain.groovy:65)
	at com.kms.katalon.core.webui.keyword.internal.WebUIKeywordMain.runKeyword(WebUIKeywordMain.groovy:27)
	at com.kms.katalon.core.webui.keyword.builtin.ClickKeyword.click(ClickKeyword.groovy:86)
	at com.kms.katalon.core.webui.keyword.builtin.ClickKeyword.execute(ClickKeyword.groovy:67)
	at com.kms.katalon.core.keyword.internal.KeywordExecutor.executeKeywordForPlatform(KeywordExecutor.groovy:53)
	at com.kms.katalon.core.webui.keyword.WebUiBuiltInKeywords.click(WebUiBuiltInKeywords.groovy:616)
	at com.kms.katalon.core.webui.keyword.WebUiBuiltInKeywords$click$4.call(Unknown Source)
	at Teste_Cancelar_Venda.run(Teste_Cancelar_Venda:22)
	at com.kms.katalon.core.main.ScriptEngine.run(ScriptEngine.java:194)
	at com.kms.katalon.core.main.ScriptEngine.runScriptAsRawText(ScriptEngine.java:119)
	at com.kms.katalon.core.main.TestCaseExecutor.runScript(TestCaseExecutor.java:328)
	at com.kms.katalon.core.main.TestCaseExecutor.doExecute(TestCaseExecutor.java:319)
	at com.kms.katalon.core.main.TestCaseExecutor.processExecutionPhase(TestCaseExecutor.java:298)
	at com.kms.katalon.core.main.TestCaseExecutor.accessMainPhase(TestCaseExecutor.java:290)
	at com.kms.katalon.core.main.TestCaseExecutor.execute(TestCaseExecutor.java:224)
	at com.kms.katalon.core.main.TestSuiteExecutor.accessTestCaseMainPhase(TestSuiteExecutor.java:129)
	at com.kms.katalon.core.main.TestSuiteExecutor.accessTestSuiteMainPhase(TestSuiteExecutor.java:112)
	at com.kms.katalon.core.main.TestSuiteExecutor.execute(TestSuiteExecutor.java:81)
	at com.kms.katalon.core.main.TestCaseMain.startTestSuite(TestCaseMain.java:149)
	at com.kms.katalon.core.main.TestCaseMain$startTestSuite$0.call(Unknown Source)
	at TempTestSuite1547672102186.run(TempTestSuite1547672102186.groovy:36)
"/>
         <system-out><![CDATA[2019-01-16 18:55:52 - [TEST_CASE][FAILED] - Test Cases/Teste Venda/Teste_Cancelar_Venda: Test Cases/Teste Venda/Teste_Cancelar_Venda FAILED.
Reason:
com.kms.katalon.core.exception.StepFailedException: Unable to click on object 'Object Repository/Page_Gemobile_Venda/Page Cancelar Venda/OpCancelar' (Root cause: com.kms.katalon.core.webui.exception.WebElementNotFoundException: Web element with id: 'Object Repository/Page_Gemobile_Venda/Page Cancelar Venda/OpCancelar' located by 'By.xpath: /html[1]/body[1]/div[2]/div[1]/section[2]/div[1]/div[1]/form[1]/table[1]/tbody[1]/tr[1]/td[9]/div[1]/ul[1]/li[3]/a[1]' not found)
	at com.kms.katalon.core.keyword.internal.KeywordMain.stepFailed(KeywordMain.groovy:36)
	at com.kms.katalon.core.webui.keyword.internal.WebUIKeywordMain.stepFailed(WebUIKeywordMain.groovy:65)
	at com.kms.katalon.core.webui.keyword.internal.WebUIKeywordMain.runKeyword(WebUIKeywordMain.groovy:27)
	at com.kms.katalon.core.webui.keyword.builtin.ClickKeyword.click(ClickKeyword.groovy:86)
	at com.kms.katalon.core.webui.keyword.builtin.ClickKeyword.execute(ClickKeyword.groovy:67)
	at com.kms.katalon.core.keyword.internal.KeywordExecutor.executeKeywordForPlatform(KeywordExecutor.groovy:53)
	at com.kms.katalon.core.webui.keyword.WebUiBuiltInKeywords.click(WebUiBuiltInKeywords.groovy:616)
	at com.kms.katalon.core.webui.keyword.WebUiBuiltInKeywords$click$4.call(Unknown Source)
	at Teste_Cancelar_Venda.run(Teste_Cancelar_Venda:22)
	at com.kms.katalon.core.main.ScriptEngine.run(ScriptEngine.java:194)
	at com.kms.katalon.core.main.ScriptEngine.runScriptAsRawText(ScriptEngine.java:119)
	at com.kms.katalon.core.main.TestCaseExecutor.runScript(TestCaseExecutor.java:328)
	at com.kms.katalon.core.main.TestCaseExecutor.doExecute(TestCaseExecutor.java:319)
	at com.kms.katalon.core.main.TestCaseExecutor.processExecutionPhase(TestCaseExecutor.java:298)
	at com.kms.katalon.core.main.TestCaseExecutor.accessMainPhase(TestCaseExecutor.java:290)
	at com.kms.katalon.core.main.TestCaseExecutor.execute(TestCaseExecutor.java:224)
	at com.kms.katalon.core.main.TestSuiteExecutor.accessTestCaseMainPhase(TestSuiteExecutor.java:129)
	at com.kms.katalon.core.main.TestSuiteExecutor.accessTestSuiteMainPhase(TestSuiteExecutor.java:112)
	at com.kms.katalon.core.main.TestSuiteExecutor.execute(TestSuiteExecutor.java:81)
	at com.kms.katalon.core.main.TestCaseMain.startTestSuite(TestCaseMain.java:149)
	at com.kms.katalon.core.main.TestCaseMain$startTestSuite$0.call(Unknown Source)
	at TempTestSuite1547672102186.run(TempTestSuite1547672102186.groovy:36)


2019-01-16 18:55:52 - [TEST_STEP][PASSED] - callTestCase(findTestCase("Teste Venda/Teste_Venda_BotaoVenda"), [:], STOP_ON_FAILURE): Call Test Case 'Test Cases/Teste Venda/Teste_Venda_BotaoVenda' successfully

2019-01-16 18:55:52 - [TEST_CASE][PASSED] - Test Cases/Teste Venda/Teste_Venda_BotaoVenda: Test Cases/Teste Venda/Teste_Venda_BotaoVenda

2019-01-16 18:55:53 - [TEST_STEP][PASSED] - callTestCase(findTestCase("Teste Tela de Login/Teste Login Valido"), [:], STOP_ON_FAILURE): Call Test Case 'Test Cases/Teste Tela de Login/Teste Login Valido' successfully

2019-01-16 18:55:53 - [TEST_CASE][PASSED] - Test Cases/Teste Tela de Login/Teste Login Valido: Test Cases/Teste Tela de Login/Teste Login Valido

2019-01-16 18:55:53 - [TEST_STEP][PASSED] - openBrowser(""): Browser is opened with url: ''

2019-01-16 18:55:53 - [MESSAGE][WARNING] - A browser is already opened. Closing browser and opening a new one

2019-01-16 18:55:54 - [MESSAGE][INFO] - Starting 'Chrome' driver

2019-01-16 18:55:56 - [MESSAGE][PASSED] - Browser is opened with url: ''

2019-01-16 18:55:56 - [TEST_STEP][PASSED] - navigateToUrl("https://gemobile-beta.before.com.br/app/"): Navigate to 'https://gemobile-beta.before.com.br/app/' successfully

2019-01-16 18:55:58 - [MESSAGE][PASSED] - Navigate to 'https://gemobile-beta.before.com.br/app/' successfully

2019-01-16 18:55:58 - [TEST_STEP][PASSED] - maximizeWindow(): Current window maximized

2019-01-16 18:55:59 - [MESSAGE][PASSED] - Current window maximized

2019-01-16 18:55:59 - [TEST_STEP][PASSED] - waitForElementPresent(findTestObject("Page_Gemobile_TelaLogin/FormLoginSenha"), 30): Object 'Object Repository/Page_Gemobile_TelaLogin/FormLoginSenha' is present

2019-01-16 18:56:00 - [MESSAGE][PASSED] - Object 'Object Repository/Page_Gemobile_TelaLogin/FormLoginSenha' is present

2019-01-16 18:56:00 - [TEST_STEP][PASSED] - setText(findTestObject("Page_Gemobile_TelaLogin/SetCampoLogin"), "proprietário.open"): Text 'proprietário.open' is set on object 'Object Repository/Page_Gemobile_TelaLogin/SetCampoLogin'

2019-01-16 18:56:00 - [MESSAGE][PASSED] - Text 'proprietário.open' is set on object 'Object Repository/Page_Gemobile_TelaLogin/SetCampoLogin'

2019-01-16 18:56:00 - [TEST_STEP][PASSED] - setText(findTestObject("Page_Gemobile_TelaLogin/SetCampoSenha"), "venus2018"): Text 'venus2018' is set on object 'Object Repository/Page_Gemobile_TelaLogin/SetCampoSenha'

2019-01-16 18:56:00 - [MESSAGE][PASSED] - Text 'venus2018' is set on object 'Object Repository/Page_Gemobile_TelaLogin/SetCampoSenha'

2019-01-16 18:56:00 - [TEST_STEP][PASSED] - click(findTestObject("Page_Gemobile_TelaLogin/Bt_Entrar")): Object: 'Object Repository/Page_Gemobile_TelaLogin/Bt_Entrar' is clicked on

2019-01-16 18:56:00 - [MESSAGE][PASSED] - Object: 'Object Repository/Page_Gemobile_TelaLogin/Bt_Entrar' is clicked on

2019-01-16 18:56:00 - [TEST_STEP][PASSED] - waitForElementPresent(findTestObject("Page_Gemobile_TelaLogin/imgLogoTelaInicial"), 5): Object 'Object Repository/Page_Gemobile_TelaLogin/imgLogoTelaInicial' is present

2019-01-16 18:56:06 - [MESSAGE][PASSED] - Object 'Object Repository/Page_Gemobile_TelaLogin/imgLogoTelaInicial' is present

2019-01-16 18:56:06 - [MESSAGE][PASSED] - Call Test Case 'Test Cases/Teste Tela de Login/Teste Login Valido' successfully

2019-01-16 18:56:06 - [TEST_STEP][PASSED] - click(findTestObject("Page_Gemobile_Venda/Page VendaMenu_VendaBotao/Bt_RealizarVenda")): Object: 'Object Repository/Page_Gemobile_Venda/Page VendaMenu_VendaBotao/Bt_RealizarVenda' is clicked on

2019-01-16 18:56:06 - [MESSAGE][PASSED] - Object: 'Object Repository/Page_Gemobile_Venda/Page VendaMenu_VendaBotao/Bt_RealizarVenda' is clicked on

2019-01-16 18:56:06 - [TEST_STEP][PASSED] - waitForElementVisible(findTestObject("Page_Gemobile_Venda/Page VendaMenu_VendaBotao/FormCadastro"), 0): Object 'Object Repository/Page_Gemobile_Venda/Page VendaMenu_VendaBotao/FormCadastro' is visible

2019-01-16 18:56:06 - [MESSAGE][WARNING] - Timeout '0' is invalid. Using default page load timeout: '30'

2019-01-16 18:56:06 - [MESSAGE][PASSED] - Object 'Object Repository/Page_Gemobile_Venda/Page VendaMenu_VendaBotao/FormCadastro' is visible

2019-01-16 18:56:06 - [TEST_STEP][PASSED] - selectOptionByValue(findTestObject("Page_Gemobile_Venda/Page VendaMenu_VendaBotao/Select_EscolhaFilial"), "39", false): All options with value '39' are selected in object 'Object Repository/Page_Gemobile_Venda/Page VendaMenu_VendaBotao/Select_EscolhaFilial' 

2019-01-16 18:56:07 - [MESSAGE][PASSED] - All options with value '39' are selected in object 'Object Repository/Page_Gemobile_Venda/Page VendaMenu_VendaBotao/Select_EscolhaFilial' 

2019-01-16 18:56:07 - [TEST_STEP][PASSED] - delay(1): Delayed 1 second(s)

2019-01-16 18:56:08 - [MESSAGE][PASSED] - Delayed 1 second(s)

2019-01-16 18:56:08 - [TEST_STEP][PASSED] - selectOptionByValue(findTestObject("Page_Gemobile_Venda/Page VendaMenu_VendaBotao/Select_Escolha...Caixa"), "1", false): All options with value '1' are selected in object 'Object Repository/Page_Gemobile_Venda/Page VendaMenu_VendaBotao/Select_Escolha...Caixa' 

2019-01-16 18:56:08 - [MESSAGE][PASSED] - All options with value '1' are selected in object 'Object Repository/Page_Gemobile_Venda/Page VendaMenu_VendaBotao/Select_Escolha...Caixa' 

2019-01-16 18:56:08 - [TEST_STEP][PASSED] - click(findTestObject("Page_Gemobile_Venda/Page VendaMenu_VendaBotao/Bt_AvancaCad")): Object: 'Object Repository/Page_Gemobile_Venda/Page VendaMenu_VendaBotao/Bt_AvancaCad' is clicked on

2019-01-16 18:56:08 - [MESSAGE][PASSED] - Object: 'Object Repository/Page_Gemobile_Venda/Page VendaMenu_VendaBotao/Bt_AvancaCad' is clicked on

2019-01-16 18:56:08 - [TEST_STEP][PASSED] - waitForElementPresent(findTestObject("Page_Gemobile_Venda/Page VendaMenu_VendaBotao/SelecionarOpDeCliente"), 0): Object 'Object Repository/Page_Gemobile_Venda/Page VendaMenu_VendaBotao/SelecionarOpDeCliente' is present

2019-01-16 18:56:08 - [MESSAGE][WARNING] - Timeout '0' is invalid. Using default page load timeout: '30'

2019-01-16 18:56:08 - [MESSAGE][PASSED] - Object 'Object Repository/Page_Gemobile_Venda/Page VendaMenu_VendaBotao/SelecionarOpDeCliente' is present

2019-01-16 18:56:08 - [TEST_STEP][PASSED] - click(findTestObject("Page_Gemobile_Venda/Page VendaMenu_VendaBotao/SelecionaCelular")): Object: 'Object Repository/Page_Gemobile_Venda/Page VendaMenu_VendaBotao/SelecionaCelular' is clicked on

2019-01-16 18:56:08 - [MESSAGE][PASSED] - Object: 'Object Repository/Page_Gemobile_Venda/Page VendaMenu_VendaBotao/SelecionaCelular' is clicked on

2019-01-16 18:56:08 - [TEST_STEP][PASSED] - setText(findTestObject("Page_Gemobile_Venda/Page VendaMenu_VendaBotao/SetCampoCelular"), "0000"): Text '0000' is set on object 'Object Repository/Page_Gemobile_Venda/Page VendaMenu_VendaBotao/SetCampoCelular'

2019-01-16 18:56:09 - [MESSAGE][PASSED] - Text '0000' is set on object 'Object Repository/Page_Gemobile_Venda/Page VendaMenu_VendaBotao/SetCampoCelular'

2019-01-16 18:56:09 - [TEST_STEP][PASSED] - delay(2, STOP_ON_FAILURE): Delayed 2 second(s)

2019-01-16 18:56:11 - [MESSAGE][PASSED] - Delayed 2 second(s)

2019-01-16 18:56:11 - [TEST_STEP][PASSED] - click(findTestObject("Page_Gemobile_Venda/Page VendaMenu_VendaBotao/li_00 00000-0000 - Teste Katal")): Object: 'Object Repository/Page_Gemobile_Venda/Page VendaMenu_VendaBotao/li_00 00000-0000 - Teste Katal' is clicked on

2019-01-16 18:56:11 - [MESSAGE][PASSED] - Object: 'Object Repository/Page_Gemobile_Venda/Page VendaMenu_VendaBotao/li_00 00000-0000 - Teste Katal' is clicked on

2019-01-16 18:56:11 - [TEST_STEP][PASSED] - click(findTestObject("Page_Gemobile_Venda/Page VendaMenu_VendaBotao/FormClienteClick")): Object: 'Object Repository/Page_Gemobile_Venda/Page VendaMenu_VendaBotao/FormClienteClick' is clicked on

2019-01-16 18:56:11 - [MESSAGE][PASSED] - Object: 'Object Repository/Page_Gemobile_Venda/Page VendaMenu_VendaBotao/FormClienteClick' is clicked on

2019-01-16 18:56:11 - [TEST_STEP][PASSED] - delay(1): Delayed 1 second(s)

2019-01-16 18:56:12 - [MESSAGE][PASSED] - Delayed 1 second(s)

2019-01-16 18:56:12 - [TEST_STEP][PASSED] - click(findTestObject("Page_Gemobile_Venda/Page VendaMenu_VendaBotao/Bt_AvancaCad")): Object: 'Object Repository/Page_Gemobile_Venda/Page VendaMenu_VendaBotao/Bt_AvancaCad' is clicked on

2019-01-16 18:56:12 - [MESSAGE][PASSED] - Object: 'Object Repository/Page_Gemobile_Venda/Page VendaMenu_VendaBotao/Bt_AvancaCad' is clicked on

2019-01-16 18:56:12 - [TEST_STEP][PASSED] - delay(1): Delayed 1 second(s)

2019-01-16 18:56:13 - [MESSAGE][PASSED] - Delayed 1 second(s)

2019-01-16 18:56:13 - [TEST_STEP][PASSED] - click(findTestObject("Page_Gemobile_Venda/Page VendaMenu_VendaBotao/OpProduto")): Object: 'Object Repository/Page_Gemobile_Venda/Page VendaMenu_VendaBotao/OpProduto' is clicked on

2019-01-16 18:56:13 - [MESSAGE][PASSED] - Object: 'Object Repository/Page_Gemobile_Venda/Page VendaMenu_VendaBotao/OpProduto' is clicked on

2019-01-16 18:56:13 - [TEST_STEP][PASSED] - click(findTestObject("Page_Gemobile_Venda/Page VendaMenu_VendaBotao/OpProdPorModelo")): Object: 'Object Repository/Page_Gemobile_Venda/Page VendaMenu_VendaBotao/OpProdPorModelo' is clicked on

2019-01-16 18:56:13 - [MESSAGE][PASSED] - Object: 'Object Repository/Page_Gemobile_Venda/Page VendaMenu_VendaBotao/OpProdPorModelo' is clicked on

2019-01-16 18:56:13 - [TEST_STEP][PASSED] - setText(findTestObject("Page_Gemobile_Venda/Page VendaMenu_VendaBotao/SetCampoModelo"), "XT171"): Text 'XT171' is set on object 'Object Repository/Page_Gemobile_Venda/Page VendaMenu_VendaBotao/SetCampoModelo'

2019-01-16 18:56:14 - [MESSAGE][PASSED] - Text 'XT171' is set on object 'Object Repository/Page_Gemobile_Venda/Page VendaMenu_VendaBotao/SetCampoModelo'

2019-01-16 18:56:14 - [TEST_STEP][PASSED] - delay(2, STOP_ON_FAILURE): Delayed 2 second(s)

2019-01-16 18:56:16 - [MESSAGE][PASSED] - Delayed 2 second(s)

2019-01-16 18:56:16 - [TEST_STEP][PASSED] - click(findTestObject("Page_Gemobile_Venda/Page VendaMenu_VendaBotao/li_Teste XT1710 Branco MOTOROL1")): Object: 'Object Repository/Page_Gemobile_Venda/Page VendaMenu_VendaBotao/li_Teste XT1710 Branco MOTOROL1' is clicked on

2019-01-16 18:56:16 - [MESSAGE][PASSED] - Object: 'Object Repository/Page_Gemobile_Venda/Page VendaMenu_VendaBotao/li_Teste XT1710 Branco MOTOROL1' is clicked on

2019-01-16 18:56:16 - [TEST_STEP][PASSED] - click(findTestObject("Page_Gemobile_Venda/Page VendaMenu_VendaBotao/Bt_Buscar")): Object: 'Object Repository/Page_Gemobile_Venda/Page VendaMenu_VendaBotao/Bt_Buscar' is clicked on

2019-01-16 18:56:16 - [MESSAGE][PASSED] - Object: 'Object Repository/Page_Gemobile_Venda/Page VendaMenu_VendaBotao/Bt_Buscar' is clicked on

2019-01-16 18:56:16 - [TEST_STEP][PASSED] - waitForElementPresent(findTestObject("Page_Gemobile_Venda/Page VendaMenu_VendaBotao/imgConfirmar"), 3): Object 'Object Repository/Page_Gemobile_Venda/Page VendaMenu_VendaBotao/imgConfirmar' is present

2019-01-16 18:56:18 - [MESSAGE][PASSED] - Object 'Object Repository/Page_Gemobile_Venda/Page VendaMenu_VendaBotao/imgConfirmar' is present

2019-01-16 18:56:18 - [TEST_STEP][PASSED] - click(findTestObject("Page_Gemobile_Venda/Page VendaMenu_VendaBotao/imgConfirmar")): Object: 'Object Repository/Page_Gemobile_Venda/Page VendaMenu_VendaBotao/imgConfirmar' is clicked on

2019-01-16 18:56:18 - [MESSAGE][PASSED] - Object: 'Object Repository/Page_Gemobile_Venda/Page VendaMenu_VendaBotao/imgConfirmar' is clicked on

2019-01-16 18:56:18 - [TEST_STEP][PASSED] - acceptAlert(): Alert accepted

2019-01-16 18:56:18 - [MESSAGE][PASSED] - Alert accepted

2019-01-16 18:56:18 - [TEST_STEP][PASSED] - delay(2): Delayed 2 second(s)

2019-01-16 18:56:20 - [MESSAGE][PASSED] - Delayed 2 second(s)

2019-01-16 18:56:20 - [TEST_STEP][PASSED] - click(findTestObject("Page_Gemobile_Venda/Page VendaMenu_VendaBotao/Bt_SalvaProduto")): Object: 'Object Repository/Page_Gemobile_Venda/Page VendaMenu_VendaBotao/Bt_SalvaProduto' is clicked on

2019-01-16 18:56:20 - [MESSAGE][PASSED] - Object: 'Object Repository/Page_Gemobile_Venda/Page VendaMenu_VendaBotao/Bt_SalvaProduto' is clicked on

2019-01-16 18:56:20 - [TEST_STEP][PASSED] - delay(1): Delayed 1 second(s)

2019-01-16 18:56:21 - [MESSAGE][PASSED] - Delayed 1 second(s)

2019-01-16 18:56:21 - [TEST_STEP][PASSED] - click(findTestObject("Page_Gemobile_Venda/Page VendaMenu_VendaBotao/Bt_AvancaCad")): Object: 'Object Repository/Page_Gemobile_Venda/Page VendaMenu_VendaBotao/Bt_AvancaCad' is clicked on

2019-01-16 18:56:21 - [MESSAGE][PASSED] - Object: 'Object Repository/Page_Gemobile_Venda/Page VendaMenu_VendaBotao/Bt_AvancaCad' is clicked on

2019-01-16 18:56:21 - [TEST_STEP][PASSED] - waitForElementPresent(findTestObject("Page_Gemobile_Venda/Page VendaMenu_VendaBotao/ModalPagamento"), 0): Object 'Object Repository/Page_Gemobile_Venda/Page VendaMenu_VendaBotao/ModalPagamento' is present

2019-01-16 18:56:21 - [MESSAGE][WARNING] - Timeout '0' is invalid. Using default page load timeout: '30'

2019-01-16 18:56:21 - [MESSAGE][PASSED] - Object 'Object Repository/Page_Gemobile_Venda/Page VendaMenu_VendaBotao/ModalPagamento' is present

2019-01-16 18:56:21 - [TEST_STEP][PASSED] - click(findTestObject("Page_Gemobile_Venda/Page VendaMenu_VendaBotao/OpPag_Dinheiro")): Object: 'Object Repository/Page_Gemobile_Venda/Page VendaMenu_VendaBotao/OpPag_Dinheiro' is clicked on

2019-01-16 18:56:22 - [MESSAGE][PASSED] - Object: 'Object Repository/Page_Gemobile_Venda/Page VendaMenu_VendaBotao/OpPag_Dinheiro' is clicked on

2019-01-16 18:56:22 - [TEST_STEP][PASSED] - click(findTestObject("Page_Gemobile_Venda/Page VendaMenu_VendaBotao/Bt_AddPag")): Object: 'Object Repository/Page_Gemobile_Venda/Page VendaMenu_VendaBotao/Bt_AddPag' is clicked on

2019-01-16 18:56:22 - [MESSAGE][PASSED] - Object: 'Object Repository/Page_Gemobile_Venda/Page VendaMenu_VendaBotao/Bt_AddPag' is clicked on

2019-01-16 18:56:22 - [TEST_STEP][PASSED] - click(findTestObject("Page_Gemobile_Venda/Page VendaMenu_VendaBotao/Bt_SalvarPag")): Object: 'Object Repository/Page_Gemobile_Venda/Page VendaMenu_VendaBotao/Bt_SalvarPag' is clicked on

2019-01-16 18:56:22 - [MESSAGE][PASSED] - Object: 'Object Repository/Page_Gemobile_Venda/Page VendaMenu_VendaBotao/Bt_SalvarPag' is clicked on

2019-01-16 18:56:22 - [TEST_STEP][PASSED] - waitForAlert(1): No alert found after 1 second(s).

2019-01-16 18:56:23 - [MESSAGE][WARNING] - No alert found after 1 second(s).

2019-01-16 18:56:23 - [TEST_STEP][PASSED] - click(findTestObject("Page_Gemobile_Venda/Page VendaMenu_VendaBotao/Fechar_Alert"), STOP_ON_FAILURE): Object: 'Object Repository/Page_Gemobile_Venda/Page VendaMenu_VendaBotao/Fechar_Alert' is clicked on

2019-01-16 18:56:23 - [MESSAGE][PASSED] - Object: 'Object Repository/Page_Gemobile_Venda/Page VendaMenu_VendaBotao/Fechar_Alert' is clicked on

2019-01-16 18:56:23 - [TEST_STEP][PASSED] - setText(findTestObject("Page_Gemobile_TelaLogin/SetCampoLogin"), "proprietário.open"): Text 'proprietário.open' is set on object 'Object Repository/Page_Gemobile_TelaLogin/SetCampoLogin'

2019-01-16 18:56:24 - [MESSAGE][PASSED] - Text 'proprietário.open' is set on object 'Object Repository/Page_Gemobile_TelaLogin/SetCampoLogin'

2019-01-16 18:56:24 - [TEST_STEP][PASSED] - setText(findTestObject("Page_Gemobile_TelaLogin/SetCampoSenha"), "venus2018"): Text 'venus2018' is set on object 'Object Repository/Page_Gemobile_TelaLogin/SetCampoSenha'

2019-01-16 18:56:24 - [MESSAGE][PASSED] - Text 'venus2018' is set on object 'Object Repository/Page_Gemobile_TelaLogin/SetCampoSenha'

2019-01-16 18:56:24 - [TEST_STEP][PASSED] - click(findTestObject("Page_Gemobile_Venda/Page VendaMenu_VendaBotao/Bt_SalvarAuten")): Object: 'Object Repository/Page_Gemobile_Venda/Page VendaMenu_VendaBotao/Bt_SalvarAuten' is clicked on

2019-01-16 18:56:24 - [MESSAGE][PASSED] - Object: 'Object Repository/Page_Gemobile_Venda/Page VendaMenu_VendaBotao/Bt_SalvarAuten' is clicked on

2019-01-16 18:56:24 - [TEST_STEP][PASSED] - click(findTestObject("Page_Gemobile_Venda/Page VendaMenu_VendaBotao/Bt_SalvarPag")): Object: 'Object Repository/Page_Gemobile_Venda/Page VendaMenu_VendaBotao/Bt_SalvarPag' is clicked on

2019-01-16 18:56:24 - [MESSAGE][PASSED] - Object: 'Object Repository/Page_Gemobile_Venda/Page VendaMenu_VendaBotao/Bt_SalvarPag' is clicked on

2019-01-16 18:56:24 - [TEST_STEP][PASSED] - verifyElementPresent(findTestObject("Page_Gemobile_Venda/Page VendaMenu_VendaBotao/Alert_VendaInseridaComSucesso"), 0): Object 'Object Repository/Page_Gemobile_Venda/Page VendaMenu_VendaBotao/Alert_VendaInseridaComSucesso' is present

2019-01-16 18:56:24 - [MESSAGE][WARNING] - Timeout '0' is invalid. Using default page load timeout: '30'

2019-01-16 18:56:24 - [MESSAGE][PASSED] - Object 'Object Repository/Page_Gemobile_Venda/Page VendaMenu_VendaBotao/Alert_VendaInseridaComSucesso' is present

2019-01-16 18:56:24 - [TEST_STEP][PASSED] - click(findTestObject("Page_Gemobile_Venda/Page Cancelar Venda/OpAcoes")): Object: 'Object Repository/Page_Gemobile_Venda/Page Cancelar Venda/OpAcoes' is clicked on

2019-01-16 18:56:26 - [MESSAGE][PASSED] - Object: 'Object Repository/Page_Gemobile_Venda/Page Cancelar Venda/OpAcoes' is clicked on

2019-01-16 18:56:26 - [TEST_STEP][PASSED] - delay(3): Delayed 3 second(s)

2019-01-16 18:56:29 - [MESSAGE][PASSED] - Delayed 3 second(s)

2019-01-16 18:56:29 - [TEST_STEP][PASSED] - click(findTestObject("Page_Gemobile_Venda/Page Cancelar Venda/OpCancelar")): Object: 'Object Repository/Page_Gemobile_Venda/Page Cancelar Venda/OpCancelar' is clicked on

2019-01-16 18:56:29 - [MESSAGE][PASSED] - Object: 'Object Repository/Page_Gemobile_Venda/Page Cancelar Venda/OpCancelar' is clicked on

2019-01-16 18:56:29 - [TEST_STEP][PASSED] - waitForElementPresent(findTestObject("Page_Gemobile_Venda/Page Cancelar Venda/DivCancelarVenda"), 3): Object 'Object Repository/Page_Gemobile_Venda/Page Cancelar Venda/DivCancelarVenda' is not present after 3 second(s)

2019-01-16 18:56:32 - [MESSAGE][INFO] - Unable to find the element located by 'By.xpath: /html[1]/body[1]/div[14]/div[3]/div[1]/form[1]/table[1]/tbody[1]/tr[1]/td[2]/div[1]/textarea[1]'. Please recheck the objects properties to make sure the desired element is located. 

2019-01-16 18:56:32 - [MESSAGE][WARNING] - Object 'Object Repository/Page_Gemobile_Venda/Page Cancelar Venda/DivCancelarVenda' is not present after 3 second(s)

2019-01-16 18:56:32 - [TEST_STEP][PASSED] - setText(findTestObject("Page_Gemobile_Venda/Page Cancelar Venda/SetCampoMotivoCancelamento"), "Teste cancelar uma venda"): Text 'Teste cancelar uma venda' is set on object 'Object Repository/Page_Gemobile_Venda/Page Cancelar Venda/SetCampoMotivoCancelamento'

2019-01-16 18:56:32 - [MESSAGE][PASSED] - Text 'Teste cancelar uma venda' is set on object 'Object Repository/Page_Gemobile_Venda/Page Cancelar Venda/SetCampoMotivoCancelamento'

2019-01-16 18:56:32 - [TEST_STEP][PASSED] - click(findTestObject("Page_Gemobile_Venda/Page VendaMenu_VendaBotao/Bt_Motivo de Cancelamento")): Object: 'Object Repository/Page_Gemobile_Venda/Page VendaMenu_VendaBotao/Bt_Motivo de Cancelamento' is clicked on

2019-01-16 18:56:32 - [MESSAGE][PASSED] - Object: 'Object Repository/Page_Gemobile_Venda/Page VendaMenu_VendaBotao/Bt_Motivo de Cancelamento' is clicked on

2019-01-16 18:56:32 - [MESSAGE][PASSED] - Call Test Case 'Test Cases/Teste Venda/Teste_Venda_BotaoVenda' successfully

2019-01-16 18:56:32 - [TEST_STEP][PASSED] - click(findTestObject("Page_Gemobile_Venda/Page Cancelar Venda/OpAcoes")): Object: 'Object Repository/Page_Gemobile_Venda/Page Cancelar Venda/OpAcoes' is clicked on

2019-01-16 18:56:32 - [MESSAGE][PASSED] - Object: 'Object Repository/Page_Gemobile_Venda/Page Cancelar Venda/OpAcoes' is clicked on

2019-01-16 18:56:32 - [TEST_STEP][PASSED] - delay(3): Delayed 3 second(s)

2019-01-16 18:56:35 - [MESSAGE][PASSED] - Delayed 3 second(s)

2019-01-16 18:56:35 - [TEST_STEP][FAILED] - click(findTestObject("Page_Gemobile_Venda/Page Cancelar Venda/OpCancelar")): click(findTestObject("Page_Gemobile_Venda/Page Cancelar Venda/OpCancelar")) FAILED.
Reason:
com.kms.katalon.core.exception.StepFailedException: Unable to click on object 'Object Repository/Page_Gemobile_Venda/Page Cancelar Venda/OpCancelar' (Root cause: com.kms.katalon.core.webui.exception.WebElementNotFoundException: Web element with id: 'Object Repository/Page_Gemobile_Venda/Page Cancelar Venda/OpCancelar' located by 'By.xpath: /html[1]/body[1]/div[2]/div[1]/section[2]/div[1]/div[1]/form[1]/table[1]/tbody[1]/tr[1]/td[9]/div[1]/ul[1]/li[3]/a[1]' not found)
	at com.kms.katalon.core.keyword.internal.KeywordMain.stepFailed(KeywordMain.groovy:36)
	at com.kms.katalon.core.webui.keyword.internal.WebUIKeywordMain.stepFailed(WebUIKeywordMain.groovy:65)
	at com.kms.katalon.core.webui.keyword.internal.WebUIKeywordMain.runKeyword(WebUIKeywordMain.groovy:27)
	at com.kms.katalon.core.webui.keyword.builtin.ClickKeyword.click(ClickKeyword.groovy:86)
	at com.kms.katalon.core.webui.keyword.builtin.ClickKeyword.execute(ClickKeyword.groovy:67)
	at com.kms.katalon.core.keyword.internal.KeywordExecutor.executeKeywordForPlatform(KeywordExecutor.groovy:53)
	at com.kms.katalon.core.webui.keyword.WebUiBuiltInKeywords.click(WebUiBuiltInKeywords.groovy:616)
	at com.kms.katalon.core.webui.keyword.WebUiBuiltInKeywords$click$4.call(Unknown Source)
	at Teste_Cancelar_Venda.run(Teste_Cancelar_Venda:22)
	at com.kms.katalon.core.main.ScriptEngine.run(ScriptEngine.java:194)
	at com.kms.katalon.core.main.ScriptEngine.runScriptAsRawText(ScriptEngine.java:119)
	at com.kms.katalon.core.main.TestCaseExecutor.runScript(TestCaseExecutor.java:328)
	at com.kms.katalon.core.main.TestCaseExecutor.doExecute(TestCaseExecutor.java:319)
	at com.kms.katalon.core.main.TestCaseExecutor.processExecutionPhase(TestCaseExecutor.java:298)
	at com.kms.katalon.core.main.TestCaseExecutor.accessMainPhase(TestCaseExecutor.java:290)
	at com.kms.katalon.core.main.TestCaseExecutor.execute(TestCaseExecutor.java:224)
	at com.kms.katalon.core.main.TestSuiteExecutor.accessTestCaseMainPhase(TestSuiteExecutor.java:129)
	at com.kms.katalon.core.main.TestSuiteExecutor.accessTestSuiteMainPhase(TestSuiteExecutor.java:112)
	at com.kms.katalon.core.main.TestSuiteExecutor.execute(TestSuiteExecutor.java:81)
	at com.kms.katalon.core.main.TestCaseMain.startTestSuite(TestCaseMain.java:149)
	at com.kms.katalon.core.main.TestCaseMain$startTestSuite$0.call(Unknown Source)
	at TempTestSuite1547672102186.run(TempTestSuite1547672102186.groovy:36)


2019-01-16 18:57:07 - [MESSAGE][INFO] - Unable to find the element located by 'By.xpath: /html[1]/body[1]/div[2]/div[1]/section[2]/div[1]/div[1]/form[1]/table[1]/tbody[1]/tr[1]/td[9]/div[1]/ul[1]/li[3]/a[1]'. Please recheck the objects properties to make sure the desired element is located. 

2019-01-16 18:57:07 - [MESSAGE][FAILED] - Unable to click on object 'Object Repository/Page_Gemobile_Venda/Page Cancelar Venda/OpCancelar' (Root cause: com.kms.katalon.core.webui.exception.WebElementNotFoundException: Web element with id: 'Object Repository/Page_Gemobile_Venda/Page Cancelar Venda/OpCancelar' located by 'By.xpath: /html[1]/body[1]/div[2]/div[1]/section[2]/div[1]/div[1]/form[1]/table[1]/tbody[1]/tr[1]/td[9]/div[1]/ul[1]/li[3]/a[1]' not found)
[[ATTACHMENT|C:\\Users\\Wander\\Katalon Studio\\Projeto Gemobile\\Reports\\Casos de Teste Venda\\20190116_185457\\1547672227381.png]]

2019-01-16 18:57:07 - [MESSAGE][FAILED] - click(findTestObject("Page_Gemobile_Venda/Page Cancelar Venda/OpCancelar")) FAILED.
Reason:
com.kms.katalon.core.exception.StepFailedException: Unable to click on object 'Object Repository/Page_Gemobile_Venda/Page Cancelar Venda/OpCancelar' (Root cause: com.kms.katalon.core.webui.exception.WebElementNotFoundException: Web element with id: 'Object Repository/Page_Gemobile_Venda/Page Cancelar Venda/OpCancelar' located by 'By.xpath: /html[1]/body[1]/div[2]/div[1]/section[2]/div[1]/div[1]/form[1]/table[1]/tbody[1]/tr[1]/td[9]/div[1]/ul[1]/li[3]/a[1]' not found)
	at com.kms.katalon.core.keyword.internal.KeywordMain.stepFailed(KeywordMain.groovy:36)
	at com.kms.katalon.core.webui.keyword.internal.WebUIKeywordMain.stepFailed(WebUIKeywordMain.groovy:65)
	at com.kms.katalon.core.webui.keyword.internal.WebUIKeywordMain.runKeyword(WebUIKeywordMain.groovy:27)
	at com.kms.katalon.core.webui.keyword.builtin.ClickKeyword.click(ClickKeyword.groovy:86)
	at com.kms.katalon.core.webui.keyword.builtin.ClickKeyword.execute(ClickKeyword.groovy:67)
	at com.kms.katalon.core.keyword.internal.KeywordExecutor.executeKeywordForPlatform(KeywordExecutor.groovy:53)
	at com.kms.katalon.core.webui.keyword.WebUiBuiltInKeywords.click(WebUiBuiltInKeywords.groovy:616)
	at com.kms.katalon.core.webui.keyword.WebUiBuiltInKeywords$click$4.call(Unknown Source)
	at Teste_Cancelar_Venda.run(Teste_Cancelar_Venda:22)
	at com.kms.katalon.core.main.ScriptEngine.run(ScriptEngine.java:194)
	at com.kms.katalon.core.main.ScriptEngine.runScriptAsRawText(ScriptEngine.java:119)
	at com.kms.katalon.core.main.TestCaseExecutor.runScript(TestCaseExecutor.java:328)
	at com.kms.katalon.core.main.TestCaseExecutor.doExecute(TestCaseExecutor.java:319)
	at com.kms.katalon.core.main.TestCaseExecutor.processExecutionPhase(TestCaseExecutor.java:298)
	at com.kms.katalon.core.main.TestCaseExecutor.accessMainPhase(TestCaseExecutor.java:290)
	at com.kms.katalon.core.main.TestCaseExecutor.execute(TestCaseExecutor.java:224)
	at com.kms.katalon.core.main.TestSuiteExecutor.accessTestCaseMainPhase(TestSuiteExecutor.java:129)
	at com.kms.katalon.core.main.TestSuiteExecutor.accessTestSuiteMainPhase(TestSuiteExecutor.java:112)
	at com.kms.katalon.core.main.TestSuiteExecutor.execute(TestSuiteExecutor.java:81)
	at com.kms.katalon.core.main.TestCaseMain.startTestSuite(TestCaseMain.java:149)
	at com.kms.katalon.core.main.TestCaseMain$startTestSuite$0.call(Unknown Source)
	at TempTestSuite1547672102186.run(TempTestSuite1547672102186.groovy:36)]]></system-out>
         <system-err><![CDATA[2019-01-16 18:55:52 - [TEST_CASE][FAILED] - Test Cases/Teste Venda/Teste_Cancelar_Venda: Test Cases/Teste Venda/Teste_Cancelar_Venda FAILED.
Reason:
com.kms.katalon.core.exception.StepFailedException: Unable to click on object 'Object Repository/Page_Gemobile_Venda/Page Cancelar Venda/OpCancelar' (Root cause: com.kms.katalon.core.webui.exception.WebElementNotFoundException: Web element with id: 'Object Repository/Page_Gemobile_Venda/Page Cancelar Venda/OpCancelar' located by 'By.xpath: /html[1]/body[1]/div[2]/div[1]/section[2]/div[1]/div[1]/form[1]/table[1]/tbody[1]/tr[1]/td[9]/div[1]/ul[1]/li[3]/a[1]' not found)
	at com.kms.katalon.core.keyword.internal.KeywordMain.stepFailed(KeywordMain.groovy:36)
	at com.kms.katalon.core.webui.keyword.internal.WebUIKeywordMain.stepFailed(WebUIKeywordMain.groovy:65)
	at com.kms.katalon.core.webui.keyword.internal.WebUIKeywordMain.runKeyword(WebUIKeywordMain.groovy:27)
	at com.kms.katalon.core.webui.keyword.builtin.ClickKeyword.click(ClickKeyword.groovy:86)
	at com.kms.katalon.core.webui.keyword.builtin.ClickKeyword.execute(ClickKeyword.groovy:67)
	at com.kms.katalon.core.keyword.internal.KeywordExecutor.executeKeywordForPlatform(KeywordExecutor.groovy:53)
	at com.kms.katalon.core.webui.keyword.WebUiBuiltInKeywords.click(WebUiBuiltInKeywords.groovy:616)
	at com.kms.katalon.core.webui.keyword.WebUiBuiltInKeywords$click$4.call(Unknown Source)
	at Teste_Cancelar_Venda.run(Teste_Cancelar_Venda:22)
	at com.kms.katalon.core.main.ScriptEngine.run(ScriptEngine.java:194)
	at com.kms.katalon.core.main.ScriptEngine.runScriptAsRawText(ScriptEngine.java:119)
	at com.kms.katalon.core.main.TestCaseExecutor.runScript(TestCaseExecutor.java:328)
	at com.kms.katalon.core.main.TestCaseExecutor.doExecute(TestCaseExecutor.java:319)
	at com.kms.katalon.core.main.TestCaseExecutor.processExecutionPhase(TestCaseExecutor.java:298)
	at com.kms.katalon.core.main.TestCaseExecutor.accessMainPhase(TestCaseExecutor.java:290)
	at com.kms.katalon.core.main.TestCaseExecutor.execute(TestCaseExecutor.java:224)
	at com.kms.katalon.core.main.TestSuiteExecutor.accessTestCaseMainPhase(TestSuiteExecutor.java:129)
	at com.kms.katalon.core.main.TestSuiteExecutor.accessTestSuiteMainPhase(TestSuiteExecutor.java:112)
	at com.kms.katalon.core.main.TestSuiteExecutor.execute(TestSuiteExecutor.java:81)
	at com.kms.katalon.core.main.TestCaseMain.startTestSuite(TestCaseMain.java:149)
	at com.kms.katalon.core.main.TestCaseMain$startTestSuite$0.call(Unknown Source)
	at TempTestSuite1547672102186.run(TempTestSuite1547672102186.groovy:36)]]></system-err>
      </testcase>
      <testcase name="Test Cases/Teste Venda/Teste_Venda_BotaoVenda" classname="Test Cases/Teste Venda/Teste_Venda_BotaoVenda" status="FAILED">
         <failure type="FAILED" message="Test Cases/Teste Venda/Teste_Venda_BotaoVenda FAILED.
Reason:
com.kms.katalon.core.exception.StepFailedException: Unable to click on object 'Object Repository/Page_Gemobile_Venda/Page VendaMenu_VendaBotao/Bt_AvancaCad' (Root cause: org.openqa.selenium.WebDriverException: unknown error: Element &lt;a id=&quot;botaoavancar&quot; class=&quot;to-right bt-confirm&quot; onclick=&quot;venda.avancar();&quot;>...&lt;/a> is not clickable at point (1216, 593). Other element would receive the click: &lt;span class=&quot;text&quot;>...&lt;/span>
  (Session info: chrome=71.0.3578.98)
  (Driver info: chromedriver=2.43.600210 (68dcf5eebde37173d4027fa8635e332711d2874a),platform=Windows NT 10.0.17134 x86_64) (WARNING: The server did not provide any stacktrace information)
Command duration or timeout: 0 milliseconds
Build info: version: '3.7.1', revision: '8a0099a', time: '2017-11-06T21:07:36.161Z'
System info: host: 'DESKTOP-F94FUJP', ip: '10.0.75.1', os.name: 'Windows 10', os.arch: 'amd64', os.version: '10.0', java.version: '1.8.0_181'
Driver info: com.kms.katalon.selenium.driver.CChromeDriver
Capabilities {acceptInsecureCerts: false, acceptSslCerts: false, applicationCacheEnabled: false, browserConnectionEnabled: false, browserName: chrome, chrome: {chromedriverVersion: 2.43.600210 (68dcf5eebde371..., userDataDir: C:\Users\Wander\AppData\Loc...}, cssSelectorsEnabled: true, databaseEnabled: false, goog:chromeOptions: {debuggerAddress: localhost:58219}, handlesAlerts: true, hasTouchScreen: false, javascriptEnabled: true, locationContextEnabled: true, mobileEmulationEnabled: false, nativeEvents: true, networkConnectionEnabled: false, pageLoadStrategy: normal, platform: XP, platformName: XP, rotatable: false, setWindowRect: true, takesHeapSnapshot: true, takesScreenshot: true, unexpectedAlertBehaviour: , unhandledPromptBehavior: , version: 71.0.3578.98, webStorageEnabled: true}
Session ID: eb6702b028d34e3f39bcf25fc78a7190)
	at com.kms.katalon.core.keyword.internal.KeywordMain.stepFailed(KeywordMain.groovy:36)
	at com.kms.katalon.core.webui.keyword.internal.WebUIKeywordMain.stepFailed(WebUIKeywordMain.groovy:65)
	at com.kms.katalon.core.webui.keyword.internal.WebUIKeywordMain.runKeyword(WebUIKeywordMain.groovy:27)
	at com.kms.katalon.core.webui.keyword.builtin.ClickKeyword.click(ClickKeyword.groovy:86)
	at com.kms.katalon.core.webui.keyword.builtin.ClickKeyword.execute(ClickKeyword.groovy:67)
	at com.kms.katalon.core.keyword.internal.KeywordExecutor.executeKeywordForPlatform(KeywordExecutor.groovy:53)
	at com.kms.katalon.core.webui.keyword.WebUiBuiltInKeywords.click(WebUiBuiltInKeywords.groovy:616)
	at com.kms.katalon.core.webui.keyword.WebUiBuiltInKeywords$click$4.call(Unknown Source)
	at Teste_Venda_BotaoVenda.run(Teste_Venda_BotaoVenda:44)
	at com.kms.katalon.core.main.ScriptEngine.run(ScriptEngine.java:194)
	at com.kms.katalon.core.main.ScriptEngine.runScriptAsRawText(ScriptEngine.java:119)
	at com.kms.katalon.core.main.TestCaseExecutor.runScript(TestCaseExecutor.java:328)
	at com.kms.katalon.core.main.TestCaseExecutor.doExecute(TestCaseExecutor.java:319)
	at com.kms.katalon.core.main.TestCaseExecutor.processExecutionPhase(TestCaseExecutor.java:298)
	at com.kms.katalon.core.main.TestCaseExecutor.accessMainPhase(TestCaseExecutor.java:290)
	at com.kms.katalon.core.main.TestCaseExecutor.execute(TestCaseExecutor.java:224)
	at com.kms.katalon.core.main.TestSuiteExecutor.accessTestCaseMainPhase(TestSuiteExecutor.java:129)
	at com.kms.katalon.core.main.TestSuiteExecutor.accessTestSuiteMainPhase(TestSuiteExecutor.java:112)
	at com.kms.katalon.core.main.TestSuiteExecutor.execute(TestSuiteExecutor.java:81)
	at com.kms.katalon.core.main.TestCaseMain.startTestSuite(TestCaseMain.java:149)
	at com.kms.katalon.core.main.TestCaseMain$startTestSuite$0.call(Unknown Source)
	at TempTestSuite1547672102186.run(TempTestSuite1547672102186.groovy:36)
"/>
         <system-out><![CDATA[2019-01-16 18:57:07 - [TEST_CASE][FAILED] - Test Cases/Teste Venda/Teste_Venda_BotaoVenda: Test Cases/Teste Venda/Teste_Venda_BotaoVenda FAILED.
Reason:
com.kms.katalon.core.exception.StepFailedException: Unable to click on object 'Object Repository/Page_Gemobile_Venda/Page VendaMenu_VendaBotao/Bt_AvancaCad' (Root cause: org.openqa.selenium.WebDriverException: unknown error: Element <a id="botaoavancar" class="to-right bt-confirm" onclick="venda.avancar();">...</a> is not clickable at point (1216, 593). Other element would receive the click: <span class="text">...</span>
  (Session info: chrome=71.0.3578.98)
  (Driver info: chromedriver=2.43.600210 (68dcf5eebde37173d4027fa8635e332711d2874a),platform=Windows NT 10.0.17134 x86_64) (WARNING: The server did not provide any stacktrace information)
Command duration or timeout: 0 milliseconds
Build info: version: '3.7.1', revision: '8a0099a', time: '2017-11-06T21:07:36.161Z'
System info: host: 'DESKTOP-F94FUJP', ip: '10.0.75.1', os.name: 'Windows 10', os.arch: 'amd64', os.version: '10.0', java.version: '1.8.0_181'
Driver info: com.kms.katalon.selenium.driver.CChromeDriver
Capabilities {acceptInsecureCerts: false, acceptSslCerts: false, applicationCacheEnabled: false, browserConnectionEnabled: false, browserName: chrome, chrome: {chromedriverVersion: 2.43.600210 (68dcf5eebde371..., userDataDir: C:\Users\Wander\AppData\Loc...}, cssSelectorsEnabled: true, databaseEnabled: false, goog:chromeOptions: {debuggerAddress: localhost:58219}, handlesAlerts: true, hasTouchScreen: false, javascriptEnabled: true, locationContextEnabled: true, mobileEmulationEnabled: false, nativeEvents: true, networkConnectionEnabled: false, pageLoadStrategy: normal, platform: XP, platformName: XP, rotatable: false, setWindowRect: true, takesHeapSnapshot: true, takesScreenshot: true, unexpectedAlertBehaviour: , unhandledPromptBehavior: , version: 71.0.3578.98, webStorageEnabled: true}
Session ID: eb6702b028d34e3f39bcf25fc78a7190)
	at com.kms.katalon.core.keyword.internal.KeywordMain.stepFailed(KeywordMain.groovy:36)
	at com.kms.katalon.core.webui.keyword.internal.WebUIKeywordMain.stepFailed(WebUIKeywordMain.groovy:65)
	at com.kms.katalon.core.webui.keyword.internal.WebUIKeywordMain.runKeyword(WebUIKeywordMain.groovy:27)
	at com.kms.katalon.core.webui.keyword.builtin.ClickKeyword.click(ClickKeyword.groovy:86)
	at com.kms.katalon.core.webui.keyword.builtin.ClickKeyword.execute(ClickKeyword.groovy:67)
	at com.kms.katalon.core.keyword.internal.KeywordExecutor.executeKeywordForPlatform(KeywordExecutor.groovy:53)
	at com.kms.katalon.core.webui.keyword.WebUiBuiltInKeywords.click(WebUiBuiltInKeywords.groovy:616)
	at com.kms.katalon.core.webui.keyword.WebUiBuiltInKeywords$click$4.call(Unknown Source)
	at Teste_Venda_BotaoVenda.run(Teste_Venda_BotaoVenda:44)
	at com.kms.katalon.core.main.ScriptEngine.run(ScriptEngine.java:194)
	at com.kms.katalon.core.main.ScriptEngine.runScriptAsRawText(ScriptEngine.java:119)
	at com.kms.katalon.core.main.TestCaseExecutor.runScript(TestCaseExecutor.java:328)
	at com.kms.katalon.core.main.TestCaseExecutor.doExecute(TestCaseExecutor.java:319)
	at com.kms.katalon.core.main.TestCaseExecutor.processExecutionPhase(TestCaseExecutor.java:298)
	at com.kms.katalon.core.main.TestCaseExecutor.accessMainPhase(TestCaseExecutor.java:290)
	at com.kms.katalon.core.main.TestCaseExecutor.execute(TestCaseExecutor.java:224)
	at com.kms.katalon.core.main.TestSuiteExecutor.accessTestCaseMainPhase(TestSuiteExecutor.java:129)
	at com.kms.katalon.core.main.TestSuiteExecutor.accessTestSuiteMainPhase(TestSuiteExecutor.java:112)
	at com.kms.katalon.core.main.TestSuiteExecutor.execute(TestSuiteExecutor.java:81)
	at com.kms.katalon.core.main.TestCaseMain.startTestSuite(TestCaseMain.java:149)
	at com.kms.katalon.core.main.TestCaseMain$startTestSuite$0.call(Unknown Source)
	at TempTestSuite1547672102186.run(TempTestSuite1547672102186.groovy:36)


2019-01-16 18:57:07 - [TEST_STEP][PASSED] - callTestCase(findTestCase("Teste Tela de Login/Teste Login Valido"), [:], STOP_ON_FAILURE): Call Test Case 'Test Cases/Teste Tela de Login/Teste Login Valido' successfully

2019-01-16 18:57:07 - [TEST_CASE][PASSED] - Test Cases/Teste Tela de Login/Teste Login Valido: Test Cases/Teste Tela de Login/Teste Login Valido

2019-01-16 18:57:07 - [TEST_STEP][PASSED] - openBrowser(""): Browser is opened with url: ''

2019-01-16 18:57:07 - [MESSAGE][WARNING] - A browser is already opened. Closing browser and opening a new one

2019-01-16 18:57:08 - [MESSAGE][INFO] - Starting 'Chrome' driver

2019-01-16 18:57:11 - [MESSAGE][PASSED] - Browser is opened with url: ''

2019-01-16 18:57:11 - [TEST_STEP][PASSED] - navigateToUrl("https://gemobile-beta.before.com.br/app/"): Navigate to 'https://gemobile-beta.before.com.br/app/' successfully

2019-01-16 18:57:14 - [MESSAGE][PASSED] - Navigate to 'https://gemobile-beta.before.com.br/app/' successfully

2019-01-16 18:57:14 - [TEST_STEP][PASSED] - maximizeWindow(): Current window maximized

2019-01-16 18:57:15 - [MESSAGE][PASSED] - Current window maximized

2019-01-16 18:57:15 - [TEST_STEP][PASSED] - waitForElementPresent(findTestObject("Page_Gemobile_TelaLogin/FormLoginSenha"), 30): Object 'Object Repository/Page_Gemobile_TelaLogin/FormLoginSenha' is present

2019-01-16 18:57:15 - [MESSAGE][PASSED] - Object 'Object Repository/Page_Gemobile_TelaLogin/FormLoginSenha' is present

2019-01-16 18:57:15 - [TEST_STEP][PASSED] - setText(findTestObject("Page_Gemobile_TelaLogin/SetCampoLogin"), "proprietário.open"): Text 'proprietário.open' is set on object 'Object Repository/Page_Gemobile_TelaLogin/SetCampoLogin'

2019-01-16 18:57:16 - [MESSAGE][PASSED] - Text 'proprietário.open' is set on object 'Object Repository/Page_Gemobile_TelaLogin/SetCampoLogin'

2019-01-16 18:57:16 - [TEST_STEP][PASSED] - setText(findTestObject("Page_Gemobile_TelaLogin/SetCampoSenha"), "venus2018"): Text 'venus2018' is set on object 'Object Repository/Page_Gemobile_TelaLogin/SetCampoSenha'

2019-01-16 18:57:16 - [MESSAGE][PASSED] - Text 'venus2018' is set on object 'Object Repository/Page_Gemobile_TelaLogin/SetCampoSenha'

2019-01-16 18:57:16 - [TEST_STEP][PASSED] - click(findTestObject("Page_Gemobile_TelaLogin/Bt_Entrar")): Object: 'Object Repository/Page_Gemobile_TelaLogin/Bt_Entrar' is clicked on

2019-01-16 18:57:16 - [MESSAGE][PASSED] - Object: 'Object Repository/Page_Gemobile_TelaLogin/Bt_Entrar' is clicked on

2019-01-16 18:57:16 - [TEST_STEP][PASSED] - waitForElementPresent(findTestObject("Page_Gemobile_TelaLogin/imgLogoTelaInicial"), 5): Object 'Object Repository/Page_Gemobile_TelaLogin/imgLogoTelaInicial' is present

2019-01-16 18:57:23 - [MESSAGE][PASSED] - Object 'Object Repository/Page_Gemobile_TelaLogin/imgLogoTelaInicial' is present

2019-01-16 18:57:23 - [MESSAGE][PASSED] - Call Test Case 'Test Cases/Teste Tela de Login/Teste Login Valido' successfully

2019-01-16 18:57:23 - [TEST_STEP][PASSED] - click(findTestObject("Page_Gemobile_Venda/Page VendaMenu_VendaBotao/Bt_RealizarVenda")): Object: 'Object Repository/Page_Gemobile_Venda/Page VendaMenu_VendaBotao/Bt_RealizarVenda' is clicked on

2019-01-16 18:57:23 - [MESSAGE][PASSED] - Object: 'Object Repository/Page_Gemobile_Venda/Page VendaMenu_VendaBotao/Bt_RealizarVenda' is clicked on

2019-01-16 18:57:23 - [TEST_STEP][PASSED] - waitForElementVisible(findTestObject("Page_Gemobile_Venda/Page VendaMenu_VendaBotao/FormCadastro"), 0): Object 'Object Repository/Page_Gemobile_Venda/Page VendaMenu_VendaBotao/FormCadastro' is visible

2019-01-16 18:57:23 - [MESSAGE][WARNING] - Timeout '0' is invalid. Using default page load timeout: '30'

2019-01-16 18:57:23 - [MESSAGE][PASSED] - Object 'Object Repository/Page_Gemobile_Venda/Page VendaMenu_VendaBotao/FormCadastro' is visible

2019-01-16 18:57:23 - [TEST_STEP][PASSED] - selectOptionByValue(findTestObject("Page_Gemobile_Venda/Page VendaMenu_VendaBotao/Select_EscolhaFilial"), "39", false): All options with value '39' are selected in object 'Object Repository/Page_Gemobile_Venda/Page VendaMenu_VendaBotao/Select_EscolhaFilial' 

2019-01-16 18:57:24 - [MESSAGE][PASSED] - All options with value '39' are selected in object 'Object Repository/Page_Gemobile_Venda/Page VendaMenu_VendaBotao/Select_EscolhaFilial' 

2019-01-16 18:57:24 - [TEST_STEP][PASSED] - delay(1): Delayed 1 second(s)

2019-01-16 18:57:25 - [MESSAGE][PASSED] - Delayed 1 second(s)

2019-01-16 18:57:25 - [TEST_STEP][PASSED] - selectOptionByValue(findTestObject("Page_Gemobile_Venda/Page VendaMenu_VendaBotao/Select_Escolha...Caixa"), "1", false): All options with value '1' are selected in object 'Object Repository/Page_Gemobile_Venda/Page VendaMenu_VendaBotao/Select_Escolha...Caixa' 

2019-01-16 18:57:25 - [MESSAGE][PASSED] - All options with value '1' are selected in object 'Object Repository/Page_Gemobile_Venda/Page VendaMenu_VendaBotao/Select_Escolha...Caixa' 

2019-01-16 18:57:25 - [TEST_STEP][PASSED] - click(findTestObject("Page_Gemobile_Venda/Page VendaMenu_VendaBotao/Bt_AvancaCad")): Object: 'Object Repository/Page_Gemobile_Venda/Page VendaMenu_VendaBotao/Bt_AvancaCad' is clicked on

2019-01-16 18:57:25 - [MESSAGE][PASSED] - Object: 'Object Repository/Page_Gemobile_Venda/Page VendaMenu_VendaBotao/Bt_AvancaCad' is clicked on

2019-01-16 18:57:25 - [TEST_STEP][PASSED] - waitForElementPresent(findTestObject("Page_Gemobile_Venda/Page VendaMenu_VendaBotao/SelecionarOpDeCliente"), 0): Object 'Object Repository/Page_Gemobile_Venda/Page VendaMenu_VendaBotao/SelecionarOpDeCliente' is present

2019-01-16 18:57:25 - [MESSAGE][WARNING] - Timeout '0' is invalid. Using default page load timeout: '30'

2019-01-16 18:57:25 - [MESSAGE][PASSED] - Object 'Object Repository/Page_Gemobile_Venda/Page VendaMenu_VendaBotao/SelecionarOpDeCliente' is present

2019-01-16 18:57:25 - [TEST_STEP][PASSED] - click(findTestObject("Page_Gemobile_Venda/Page VendaMenu_VendaBotao/SelecionaCelular")): Object: 'Object Repository/Page_Gemobile_Venda/Page VendaMenu_VendaBotao/SelecionaCelular' is clicked on

2019-01-16 18:57:25 - [MESSAGE][PASSED] - Object: 'Object Repository/Page_Gemobile_Venda/Page VendaMenu_VendaBotao/SelecionaCelular' is clicked on

2019-01-16 18:57:25 - [TEST_STEP][PASSED] - setText(findTestObject("Page_Gemobile_Venda/Page VendaMenu_VendaBotao/SetCampoCelular"), "0000"): Text '0000' is set on object 'Object Repository/Page_Gemobile_Venda/Page VendaMenu_VendaBotao/SetCampoCelular'

2019-01-16 18:57:26 - [MESSAGE][PASSED] - Text '0000' is set on object 'Object Repository/Page_Gemobile_Venda/Page VendaMenu_VendaBotao/SetCampoCelular'

2019-01-16 18:57:26 - [TEST_STEP][PASSED] - delay(2, STOP_ON_FAILURE): Delayed 2 second(s)

2019-01-16 18:57:28 - [MESSAGE][PASSED] - Delayed 2 second(s)

2019-01-16 18:57:28 - [TEST_STEP][PASSED] - click(findTestObject("Page_Gemobile_Venda/Page VendaMenu_VendaBotao/li_00 00000-0000 - Teste Katal")): Object: 'Object Repository/Page_Gemobile_Venda/Page VendaMenu_VendaBotao/li_00 00000-0000 - Teste Katal' is clicked on

2019-01-16 18:57:28 - [MESSAGE][PASSED] - Object: 'Object Repository/Page_Gemobile_Venda/Page VendaMenu_VendaBotao/li_00 00000-0000 - Teste Katal' is clicked on

2019-01-16 18:57:28 - [TEST_STEP][PASSED] - click(findTestObject("Page_Gemobile_Venda/Page VendaMenu_VendaBotao/FormClienteClick")): Object: 'Object Repository/Page_Gemobile_Venda/Page VendaMenu_VendaBotao/FormClienteClick' is clicked on

2019-01-16 18:57:28 - [MESSAGE][PASSED] - Object: 'Object Repository/Page_Gemobile_Venda/Page VendaMenu_VendaBotao/FormClienteClick' is clicked on

2019-01-16 18:57:28 - [TEST_STEP][PASSED] - delay(1): Delayed 1 second(s)

2019-01-16 18:57:29 - [MESSAGE][PASSED] - Delayed 1 second(s)

2019-01-16 18:57:29 - [TEST_STEP][FAILED] - click(findTestObject("Page_Gemobile_Venda/Page VendaMenu_VendaBotao/Bt_AvancaCad")): click(findTestObject("Page_Gemobile_Venda/Page VendaMenu_VendaBotao/Bt_AvancaCad")) FAILED.
Reason:
com.kms.katalon.core.exception.StepFailedException: Unable to click on object 'Object Repository/Page_Gemobile_Venda/Page VendaMenu_VendaBotao/Bt_AvancaCad' (Root cause: org.openqa.selenium.WebDriverException: unknown error: Element <a id="botaoavancar" class="to-right bt-confirm" onclick="venda.avancar();">...</a> is not clickable at point (1216, 593). Other element would receive the click: <span class="text">...</span>
  (Session info: chrome=71.0.3578.98)
  (Driver info: chromedriver=2.43.600210 (68dcf5eebde37173d4027fa8635e332711d2874a),platform=Windows NT 10.0.17134 x86_64) (WARNING: The server did not provide any stacktrace information)
Command duration or timeout: 0 milliseconds
Build info: version: '3.7.1', revision: '8a0099a', time: '2017-11-06T21:07:36.161Z'
System info: host: 'DESKTOP-F94FUJP', ip: '10.0.75.1', os.name: 'Windows 10', os.arch: 'amd64', os.version: '10.0', java.version: '1.8.0_181'
Driver info: com.kms.katalon.selenium.driver.CChromeDriver
Capabilities {acceptInsecureCerts: false, acceptSslCerts: false, applicationCacheEnabled: false, browserConnectionEnabled: false, browserName: chrome, chrome: {chromedriverVersion: 2.43.600210 (68dcf5eebde371..., userDataDir: C:\Users\Wander\AppData\Loc...}, cssSelectorsEnabled: true, databaseEnabled: false, goog:chromeOptions: {debuggerAddress: localhost:58219}, handlesAlerts: true, hasTouchScreen: false, javascriptEnabled: true, locationContextEnabled: true, mobileEmulationEnabled: false, nativeEvents: true, networkConnectionEnabled: false, pageLoadStrategy: normal, platform: XP, platformName: XP, rotatable: false, setWindowRect: true, takesHeapSnapshot: true, takesScreenshot: true, unexpectedAlertBehaviour: , unhandledPromptBehavior: , version: 71.0.3578.98, webStorageEnabled: true}
Session ID: eb6702b028d34e3f39bcf25fc78a7190)
	at com.kms.katalon.core.keyword.internal.KeywordMain.stepFailed(KeywordMain.groovy:36)
	at com.kms.katalon.core.webui.keyword.internal.WebUIKeywordMain.stepFailed(WebUIKeywordMain.groovy:65)
	at com.kms.katalon.core.webui.keyword.internal.WebUIKeywordMain.runKeyword(WebUIKeywordMain.groovy:27)
	at com.kms.katalon.core.webui.keyword.builtin.ClickKeyword.click(ClickKeyword.groovy:86)
	at com.kms.katalon.core.webui.keyword.builtin.ClickKeyword.execute(ClickKeyword.groovy:67)
	at com.kms.katalon.core.keyword.internal.KeywordExecutor.executeKeywordForPlatform(KeywordExecutor.groovy:53)
	at com.kms.katalon.core.webui.keyword.WebUiBuiltInKeywords.click(WebUiBuiltInKeywords.groovy:616)
	at com.kms.katalon.core.webui.keyword.WebUiBuiltInKeywords$click$4.call(Unknown Source)
	at Teste_Venda_BotaoVenda.run(Teste_Venda_BotaoVenda:44)
	at com.kms.katalon.core.main.ScriptEngine.run(ScriptEngine.java:194)
	at com.kms.katalon.core.main.ScriptEngine.runScriptAsRawText(ScriptEngine.java:119)
	at com.kms.katalon.core.main.TestCaseExecutor.runScript(TestCaseExecutor.java:328)
	at com.kms.katalon.core.main.TestCaseExecutor.doExecute(TestCaseExecutor.java:319)
	at com.kms.katalon.core.main.TestCaseExecutor.processExecutionPhase(TestCaseExecutor.java:298)
	at com.kms.katalon.core.main.TestCaseExecutor.accessMainPhase(TestCaseExecutor.java:290)
	at com.kms.katalon.core.main.TestCaseExecutor.execute(TestCaseExecutor.java:224)
	at com.kms.katalon.core.main.TestSuiteExecutor.accessTestCaseMainPhase(TestSuiteExecutor.java:129)
	at com.kms.katalon.core.main.TestSuiteExecutor.accessTestSuiteMainPhase(TestSuiteExecutor.java:112)
	at com.kms.katalon.core.main.TestSuiteExecutor.execute(TestSuiteExecutor.java:81)
	at com.kms.katalon.core.main.TestCaseMain.startTestSuite(TestCaseMain.java:149)
	at com.kms.katalon.core.main.TestCaseMain$startTestSuite$0.call(Unknown Source)
	at TempTestSuite1547672102186.run(TempTestSuite1547672102186.groovy:36)


2019-01-16 18:57:29 - [MESSAGE][FAILED] - Unable to click on object 'Object Repository/Page_Gemobile_Venda/Page VendaMenu_VendaBotao/Bt_AvancaCad' (Root cause: org.openqa.selenium.WebDriverException: unknown error: Element <a id="botaoavancar" class="to-right bt-confirm" onclick="venda.avancar();">...</a> is not clickable at point (1216, 593). Other element would receive the click: <span class="text">...</span>
  (Session info: chrome=71.0.3578.98)
  (Driver info: chromedriver=2.43.600210 (68dcf5eebde37173d4027fa8635e332711d2874a),platform=Windows NT 10.0.17134 x86_64) (WARNING: The server did not provide any stacktrace information)
Command duration or timeout: 0 milliseconds
Build info: version: '3.7.1', revision: '8a0099a', time: '2017-11-06T21:07:36.161Z'
System info: host: 'DESKTOP-F94FUJP', ip: '10.0.75.1', os.name: 'Windows 10', os.arch: 'amd64', os.version: '10.0', java.version: '1.8.0_181'
Driver info: com.kms.katalon.selenium.driver.CChromeDriver
Capabilities {acceptInsecureCerts: false, acceptSslCerts: false, applicationCacheEnabled: false, browserConnectionEnabled: false, browserName: chrome, chrome: {chromedriverVersion: 2.43.600210 (68dcf5eebde371..., userDataDir: C:\Users\Wander\AppData\Loc...}, cssSelectorsEnabled: true, databaseEnabled: false, goog:chromeOptions: {debuggerAddress: localhost:58219}, handlesAlerts: true, hasTouchScreen: false, javascriptEnabled: true, locationContextEnabled: true, mobileEmulationEnabled: false, nativeEvents: true, networkConnectionEnabled: false, pageLoadStrategy: normal, platform: XP, platformName: XP, rotatable: false, setWindowRect: true, takesHeapSnapshot: true, takesScreenshot: true, unexpectedAlertBehaviour: , unhandledPromptBehavior: , version: 71.0.3578.98, webStorageEnabled: true}
Session ID: eb6702b028d34e3f39bcf25fc78a7190)
[[ATTACHMENT|C:\\Users\\Wander\\Katalon Studio\\Projeto Gemobile\\Reports\\Casos de Teste Venda\\20190116_185457\\1547672249595.png]]

2019-01-16 18:57:29 - [MESSAGE][FAILED] - click(findTestObject("Page_Gemobile_Venda/Page VendaMenu_VendaBotao/Bt_AvancaCad")) FAILED.
Reason:
com.kms.katalon.core.exception.StepFailedException: Unable to click on object 'Object Repository/Page_Gemobile_Venda/Page VendaMenu_VendaBotao/Bt_AvancaCad' (Root cause: org.openqa.selenium.WebDriverException: unknown error: Element <a id="botaoavancar" class="to-right bt-confirm" onclick="venda.avancar();">...</a> is not clickable at point (1216, 593). Other element would receive the click: <span class="text">...</span>
  (Session info: chrome=71.0.3578.98)
  (Driver info: chromedriver=2.43.600210 (68dcf5eebde37173d4027fa8635e332711d2874a),platform=Windows NT 10.0.17134 x86_64) (WARNING: The server did not provide any stacktrace information)
Command duration or timeout: 0 milliseconds
Build info: version: '3.7.1', revision: '8a0099a', time: '2017-11-06T21:07:36.161Z'
System info: host: 'DESKTOP-F94FUJP', ip: '10.0.75.1', os.name: 'Windows 10', os.arch: 'amd64', os.version: '10.0', java.version: '1.8.0_181'
Driver info: com.kms.katalon.selenium.driver.CChromeDriver
Capabilities {acceptInsecureCerts: false, acceptSslCerts: false, applicationCacheEnabled: false, browserConnectionEnabled: false, browserName: chrome, chrome: {chromedriverVersion: 2.43.600210 (68dcf5eebde371..., userDataDir: C:\Users\Wander\AppData\Loc...}, cssSelectorsEnabled: true, databaseEnabled: false, goog:chromeOptions: {debuggerAddress: localhost:58219}, handlesAlerts: true, hasTouchScreen: false, javascriptEnabled: true, locationContextEnabled: true, mobileEmulationEnabled: false, nativeEvents: true, networkConnectionEnabled: false, pageLoadStrategy: normal, platform: XP, platformName: XP, rotatable: false, setWindowRect: true, takesHeapSnapshot: true, takesScreenshot: true, unexpectedAlertBehaviour: , unhandledPromptBehavior: , version: 71.0.3578.98, webStorageEnabled: true}
Session ID: eb6702b028d34e3f39bcf25fc78a7190)
	at com.kms.katalon.core.keyword.internal.KeywordMain.stepFailed(KeywordMain.groovy:36)
	at com.kms.katalon.core.webui.keyword.internal.WebUIKeywordMain.stepFailed(WebUIKeywordMain.groovy:65)
	at com.kms.katalon.core.webui.keyword.internal.WebUIKeywordMain.runKeyword(WebUIKeywordMain.groovy:27)
	at com.kms.katalon.core.webui.keyword.builtin.ClickKeyword.click(ClickKeyword.groovy:86)
	at com.kms.katalon.core.webui.keyword.builtin.ClickKeyword.execute(ClickKeyword.groovy:67)
	at com.kms.katalon.core.keyword.internal.KeywordExecutor.executeKeywordForPlatform(KeywordExecutor.groovy:53)
	at com.kms.katalon.core.webui.keyword.WebUiBuiltInKeywords.click(WebUiBuiltInKeywords.groovy:616)
	at com.kms.katalon.core.webui.keyword.WebUiBuiltInKeywords$click$4.call(Unknown Source)
	at Teste_Venda_BotaoVenda.run(Teste_Venda_BotaoVenda:44)
	at com.kms.katalon.core.main.ScriptEngine.run(ScriptEngine.java:194)
	at com.kms.katalon.core.main.ScriptEngine.runScriptAsRawText(ScriptEngine.java:119)
	at com.kms.katalon.core.main.TestCaseExecutor.runScript(TestCaseExecutor.java:328)
	at com.kms.katalon.core.main.TestCaseExecutor.doExecute(TestCaseExecutor.java:319)
	at com.kms.katalon.core.main.TestCaseExecutor.processExecutionPhase(TestCaseExecutor.java:298)
	at com.kms.katalon.core.main.TestCaseExecutor.accessMainPhase(TestCaseExecutor.java:290)
	at com.kms.katalon.core.main.TestCaseExecutor.execute(TestCaseExecutor.java:224)
	at com.kms.katalon.core.main.TestSuiteExecutor.accessTestCaseMainPhase(TestSuiteExecutor.java:129)
	at com.kms.katalon.core.main.TestSuiteExecutor.accessTestSuiteMainPhase(TestSuiteExecutor.java:112)
	at com.kms.katalon.core.main.TestSuiteExecutor.execute(TestSuiteExecutor.java:81)
	at com.kms.katalon.core.main.TestCaseMain.startTestSuite(TestCaseMain.java:149)
	at com.kms.katalon.core.main.TestCaseMain$startTestSuite$0.call(Unknown Source)
	at TempTestSuite1547672102186.run(TempTestSuite1547672102186.groovy:36)]]></system-out>
         <system-err><![CDATA[2019-01-16 18:57:07 - [TEST_CASE][FAILED] - Test Cases/Teste Venda/Teste_Venda_BotaoVenda: Test Cases/Teste Venda/Teste_Venda_BotaoVenda FAILED.
Reason:
com.kms.katalon.core.exception.StepFailedException: Unable to click on object 'Object Repository/Page_Gemobile_Venda/Page VendaMenu_VendaBotao/Bt_AvancaCad' (Root cause: org.openqa.selenium.WebDriverException: unknown error: Element <a id="botaoavancar" class="to-right bt-confirm" onclick="venda.avancar();">...</a> is not clickable at point (1216, 593). Other element would receive the click: <span class="text">...</span>
  (Session info: chrome=71.0.3578.98)
  (Driver info: chromedriver=2.43.600210 (68dcf5eebde37173d4027fa8635e332711d2874a),platform=Windows NT 10.0.17134 x86_64) (WARNING: The server did not provide any stacktrace information)
Command duration or timeout: 0 milliseconds
Build info: version: '3.7.1', revision: '8a0099a', time: '2017-11-06T21:07:36.161Z'
System info: host: 'DESKTOP-F94FUJP', ip: '10.0.75.1', os.name: 'Windows 10', os.arch: 'amd64', os.version: '10.0', java.version: '1.8.0_181'
Driver info: com.kms.katalon.selenium.driver.CChromeDriver
Capabilities {acceptInsecureCerts: false, acceptSslCerts: false, applicationCacheEnabled: false, browserConnectionEnabled: false, browserName: chrome, chrome: {chromedriverVersion: 2.43.600210 (68dcf5eebde371..., userDataDir: C:\Users\Wander\AppData\Loc...}, cssSelectorsEnabled: true, databaseEnabled: false, goog:chromeOptions: {debuggerAddress: localhost:58219}, handlesAlerts: true, hasTouchScreen: false, javascriptEnabled: true, locationContextEnabled: true, mobileEmulationEnabled: false, nativeEvents: true, networkConnectionEnabled: false, pageLoadStrategy: normal, platform: XP, platformName: XP, rotatable: false, setWindowRect: true, takesHeapSnapshot: true, takesScreenshot: true, unexpectedAlertBehaviour: , unhandledPromptBehavior: , version: 71.0.3578.98, webStorageEnabled: true}
Session ID: eb6702b028d34e3f39bcf25fc78a7190)
	at com.kms.katalon.core.keyword.internal.KeywordMain.stepFailed(KeywordMain.groovy:36)
	at com.kms.katalon.core.webui.keyword.internal.WebUIKeywordMain.stepFailed(WebUIKeywordMain.groovy:65)
	at com.kms.katalon.core.webui.keyword.internal.WebUIKeywordMain.runKeyword(WebUIKeywordMain.groovy:27)
	at com.kms.katalon.core.webui.keyword.builtin.ClickKeyword.click(ClickKeyword.groovy:86)
	at com.kms.katalon.core.webui.keyword.builtin.ClickKeyword.execute(ClickKeyword.groovy:67)
	at com.kms.katalon.core.keyword.internal.KeywordExecutor.executeKeywordForPlatform(KeywordExecutor.groovy:53)
	at com.kms.katalon.core.webui.keyword.WebUiBuiltInKeywords.click(WebUiBuiltInKeywords.groovy:616)
	at com.kms.katalon.core.webui.keyword.WebUiBuiltInKeywords$click$4.call(Unknown Source)
	at Teste_Venda_BotaoVenda.run(Teste_Venda_BotaoVenda:44)
	at com.kms.katalon.core.main.ScriptEngine.run(ScriptEngine.java:194)
	at com.kms.katalon.core.main.ScriptEngine.runScriptAsRawText(ScriptEngine.java:119)
	at com.kms.katalon.core.main.TestCaseExecutor.runScript(TestCaseExecutor.java:328)
	at com.kms.katalon.core.main.TestCaseExecutor.doExecute(TestCaseExecutor.java:319)
	at com.kms.katalon.core.main.TestCaseExecutor.processExecutionPhase(TestCaseExecutor.java:298)
	at com.kms.katalon.core.main.TestCaseExecutor.accessMainPhase(TestCaseExecutor.java:290)
	at com.kms.katalon.core.main.TestCaseExecutor.execute(TestCaseExecutor.java:224)
	at com.kms.katalon.core.main.TestSuiteExecutor.accessTestCaseMainPhase(TestSuiteExecutor.java:129)
	at com.kms.katalon.core.main.TestSuiteExecutor.accessTestSuiteMainPhase(TestSuiteExecutor.java:112)
	at com.kms.katalon.core.main.TestSuiteExecutor.execute(TestSuiteExecutor.java:81)
	at com.kms.katalon.core.main.TestCaseMain.startTestSuite(TestCaseMain.java:149)
	at com.kms.katalon.core.main.TestCaseMain$startTestSuite$0.call(Unknown Source)
	at TempTestSuite1547672102186.run(TempTestSuite1547672102186.groovy:36)]]></system-err>
      </testcase>
      <system-out><![CDATA[2019-01-16 18:55:06 - [TEST_SUITE][FAILED] - Casos de Teste Venda: Test Cases/Teste Venda/Teste_Cancelar_Venda FAILED.
Reason:
com.kms.katalon.core.exception.StepFailedException: Unable to click on object 'Object Repository/Page_Gemobile_Venda/Page Cancelar Venda/OpCancelar' (Root cause: com.kms.katalon.core.webui.exception.WebElementNotFoundException: Web element with id: 'Object Repository/Page_Gemobile_Venda/Page Cancelar Venda/OpCancelar' located by 'By.xpath: /html[1]/body[1]/div[2]/div[1]/section[2]/div[1]/div[1]/form[1]/table[1]/tbody[1]/tr[1]/td[9]/div[1]/ul[1]/li[3]/a[1]' not found)
	at com.kms.katalon.core.keyword.internal.KeywordMain.stepFailed(KeywordMain.groovy:36)
	at com.kms.katalon.core.webui.keyword.internal.WebUIKeywordMain.stepFailed(WebUIKeywordMain.groovy:65)
	at com.kms.katalon.core.webui.keyword.internal.WebUIKeywordMain.runKeyword(WebUIKeywordMain.groovy:27)
	at com.kms.katalon.core.webui.keyword.builtin.ClickKeyword.click(ClickKeyword.groovy:86)
	at com.kms.katalon.core.webui.keyword.builtin.ClickKeyword.execute(ClickKeyword.groovy:67)
	at com.kms.katalon.core.keyword.internal.KeywordExecutor.executeKeywordForPlatform(KeywordExecutor.groovy:53)
	at com.kms.katalon.core.webui.keyword.WebUiBuiltInKeywords.click(WebUiBuiltInKeywords.groovy:616)
	at com.kms.katalon.core.webui.keyword.WebUiBuiltInKeywords$click$4.call(Unknown Source)
	at Teste_Cancelar_Venda.run(Teste_Cancelar_Venda:22)
	at com.kms.katalon.core.main.ScriptEngine.run(ScriptEngine.java:194)
	at com.kms.katalon.core.main.ScriptEngine.runScriptAsRawText(ScriptEngine.java:119)
	at com.kms.katalon.core.main.TestCaseExecutor.runScript(TestCaseExecutor.java:328)
	at com.kms.katalon.core.main.TestCaseExecutor.doExecute(TestCaseExecutor.java:319)
	at com.kms.katalon.core.main.TestCaseExecutor.processExecutionPhase(TestCaseExecutor.java:298)
	at com.kms.katalon.core.main.TestCaseExecutor.accessMainPhase(TestCaseExecutor.java:290)
	at com.kms.katalon.core.main.TestCaseExecutor.execute(TestCaseExecutor.java:224)
	at com.kms.katalon.core.main.TestSuiteExecutor.accessTestCaseMainPhase(TestSuiteExecutor.java:129)
	at com.kms.katalon.core.main.TestSuiteExecutor.accessTestSuiteMainPhase(TestSuiteExecutor.java:112)
	at com.kms.katalon.core.main.TestSuiteExecutor.execute(TestSuiteExecutor.java:81)
	at com.kms.katalon.core.main.TestCaseMain.startTestSuite(TestCaseMain.java:149)
	at com.kms.katalon.core.main.TestCaseMain$startTestSuite$0.call(Unknown Source)
	at TempTestSuite1547672102186.run(TempTestSuite1547672102186.groovy:36)]]></system-out>
      <system-err><![CDATA[2019-01-16 18:55:06 - [TEST_SUITE][FAILED] - Casos de Teste Venda: Test Cases/Teste Venda/Teste_Cancelar_Venda FAILED.
Reason:
com.kms.katalon.core.exception.StepFailedException: Unable to click on object 'Object Repository/Page_Gemobile_Venda/Page Cancelar Venda/OpCancelar' (Root cause: com.kms.katalon.core.webui.exception.WebElementNotFoundException: Web element with id: 'Object Repository/Page_Gemobile_Venda/Page Cancelar Venda/OpCancelar' located by 'By.xpath: /html[1]/body[1]/div[2]/div[1]/section[2]/div[1]/div[1]/form[1]/table[1]/tbody[1]/tr[1]/td[9]/div[1]/ul[1]/li[3]/a[1]' not found)
	at com.kms.katalon.core.keyword.internal.KeywordMain.stepFailed(KeywordMain.groovy:36)
	at com.kms.katalon.core.webui.keyword.internal.WebUIKeywordMain.stepFailed(WebUIKeywordMain.groovy:65)
	at com.kms.katalon.core.webui.keyword.internal.WebUIKeywordMain.runKeyword(WebUIKeywordMain.groovy:27)
	at com.kms.katalon.core.webui.keyword.builtin.ClickKeyword.click(ClickKeyword.groovy:86)
	at com.kms.katalon.core.webui.keyword.builtin.ClickKeyword.execute(ClickKeyword.groovy:67)
	at com.kms.katalon.core.keyword.internal.KeywordExecutor.executeKeywordForPlatform(KeywordExecutor.groovy:53)
	at com.kms.katalon.core.webui.keyword.WebUiBuiltInKeywords.click(WebUiBuiltInKeywords.groovy:616)
	at com.kms.katalon.core.webui.keyword.WebUiBuiltInKeywords$click$4.call(Unknown Source)
	at Teste_Cancelar_Venda.run(Teste_Cancelar_Venda:22)
	at com.kms.katalon.core.main.ScriptEngine.run(ScriptEngine.java:194)
	at com.kms.katalon.core.main.ScriptEngine.runScriptAsRawText(ScriptEngine.java:119)
	at com.kms.katalon.core.main.TestCaseExecutor.runScript(TestCaseExecutor.java:328)
	at com.kms.katalon.core.main.TestCaseExecutor.doExecute(TestCaseExecutor.java:319)
	at com.kms.katalon.core.main.TestCaseExecutor.processExecutionPhase(TestCaseExecutor.java:298)
	at com.kms.katalon.core.main.TestCaseExecutor.accessMainPhase(TestCaseExecutor.java:290)
	at com.kms.katalon.core.main.TestCaseExecutor.execute(TestCaseExecutor.java:224)
	at com.kms.katalon.core.main.TestSuiteExecutor.accessTestCaseMainPhase(TestSuiteExecutor.java:129)
	at com.kms.katalon.core.main.TestSuiteExecutor.accessTestSuiteMainPhase(TestSuiteExecutor.java:112)
	at com.kms.katalon.core.main.TestSuiteExecutor.execute(TestSuiteExecutor.java:81)
	at com.kms.katalon.core.main.TestCaseMain.startTestSuite(TestCaseMain.java:149)
	at com.kms.katalon.core.main.TestCaseMain$startTestSuite$0.call(Unknown Source)
	at TempTestSuite1547672102186.run(TempTestSuite1547672102186.groovy:36)]]></system-err>
   </testsuite>
</testsuites>
